C51 COMPILER V9.51   ADC_DELSIG_1_AMUX                                                     05/22/2017 14:28:06 PAGE 1   


C51 COMPILER V9.51, COMPILATION OF MODULE ADC_DELSIG_1_AMUX
OBJECT MODULE PLACED IN .\DP8051\DP8051_Keil_951\Debug\ADC_DelSig_1_AMux.obj
COMPILER INVOKED BY: C:\Program Files (x86)\Cypress\PSoC Creator\4.0\PSoC Creator\import\keil\pk51\9.51\C51\BIN\c51.exe 
                    -Generated_Source\PSoC3\ADC_DelSig_1_AMux.c NOIV LARGE MODDP2 OMF2 VB(1) NOIP INCDIR(.,Generated_Source\PSoC3) FF(3) DB W
                    -L(2) PR(.\DP8051\DP8051_Keil_951\Debug/ADC_DelSig_1_AMux.lst) OT(5) OJ(.\DP8051\DP8051_Keil_951\Debug\ADC_DelSig_1_AMux.
                    -obj)

line level    source

   1          /*******************************************************************************
   2          * File Name: ADC_DelSig_1_AMux.c
   3          * Version 1.80
   4          *
   5          *  Description:
   6          *    This file contains all functions required for the analog multiplexer
   7          *    AMux User Module.
   8          *
   9          *   Note:
  10          *
  11          *******************************************************************************
  12          * Copyright 2008-2010, Cypress Semiconductor Corporation.  All rights reserved.
  13          * You may use this file only in accordance with the license, terms, conditions, 
  14          * disclaimers, and limitations in the end user license agreement accompanying 
  15          * the software package with which this file was provided.
  16          ********************************************************************************/
  17          
  18          #include "ADC_DelSig_1_AMux.h"
  19          
  20          static uint8 ADC_DelSig_1_AMux_lastChannel = ADC_DelSig_1_AMux_NULL_CHANNEL;
  21          
  22          
  23          /*******************************************************************************
  24          * Function Name: ADC_DelSig_1_AMux_Start
  25          ********************************************************************************
  26          * Summary:
  27          *  Disconnect all channels.
  28          *
  29          * Parameters:
  30          *  void
  31          *
  32          * Return:
  33          *  void
  34          *
  35          *******************************************************************************/
  36          void ADC_DelSig_1_AMux_Start(void) 
  37          {
  38   1          uint8 chan;
  39   1      
  40   1          for(chan = 0u; chan < ADC_DelSig_1_AMux_CHANNELS ; chan++)
  41   1          {
  42   2      #if (ADC_DelSig_1_AMux_MUXTYPE == ADC_DelSig_1_AMux_MUX_SINGLE)
  43   2              ADC_DelSig_1_AMux_Unset(chan);
  44   2      #else
                      ADC_DelSig_1_AMux_CYAMUXSIDE_A_Unset(chan);
                      ADC_DelSig_1_AMux_CYAMUXSIDE_B_Unset(chan);
              #endif
  48   2          }
  49   1      
  50   1          ADC_DelSig_1_AMux_lastChannel = ADC_DelSig_1_AMux_NULL_CHANNEL;
  51   1      }
  52          
C51 COMPILER V9.51   ADC_DELSIG_1_AMUX                                                     05/22/2017 14:28:06 PAGE 2   

  53          
  54          #if (!ADC_DelSig_1_AMux_ATMOSTONE)
  55          /*******************************************************************************
  56          * Function Name: ADC_DelSig_1_AMux_Select
  57          ********************************************************************************
  58          * Summary:
  59          *  This functions first disconnects all channels then connects the given
  60          *  channel.
  61          *
  62          * Parameters:
  63          *  channel:  The channel to connect to the common terminal.
  64          *
  65          * Return:
  66          *  void
  67          *
  68          *******************************************************************************/
  69          void ADC_DelSig_1_AMux_Select(uint8 channel) 
  70          {
  71   1          ADC_DelSig_1_AMux_DisconnectAll();        /* Disconnect all previous connections */
  72   1          ADC_DelSig_1_AMux_Connect(channel);       /* Make the given selection */
  73   1          ADC_DelSig_1_AMux_lastChannel = channel;  /* Update last channel */
  74   1      }
  75          #endif
  76          
  77          
  78          /*******************************************************************************
  79          * Function Name: ADC_DelSig_1_AMux_FastSelect
  80          ********************************************************************************
  81          * Summary:
  82          *  This function first disconnects the last connection made with FastSelect or
  83          *  Select, then connects the given channel. The FastSelect function is similar
  84          *  to the Select function, except it is faster since it only disconnects the
  85          *  last channel selected rather than all channels.
  86          *
  87          * Parameters:
  88          *  channel:  The channel to connect to the common terminal.
  89          *
  90          * Return:
  91          *  void
  92          *
  93          *******************************************************************************/
  94          void ADC_DelSig_1_AMux_FastSelect(uint8 channel) 
  95          {
  96   1          /* Disconnect the last valid channel */
  97   1          if( ADC_DelSig_1_AMux_lastChannel != ADC_DelSig_1_AMux_NULL_CHANNEL)
  98   1          {
  99   2              ADC_DelSig_1_AMux_Disconnect(ADC_DelSig_1_AMux_lastChannel);
 100   2          }
 101   1      
 102   1          /* Make the new channel connection */
 103   1      #if (ADC_DelSig_1_AMux_MUXTYPE == ADC_DelSig_1_AMux_MUX_SINGLE)
 104   1          ADC_DelSig_1_AMux_Set(channel);
 105   1      #else
                  ADC_DelSig_1_AMux_CYAMUXSIDE_A_Set(channel);
                  ADC_DelSig_1_AMux_CYAMUXSIDE_B_Set(channel);
              #endif
 109   1      
 110   1      
 111   1          ADC_DelSig_1_AMux_lastChannel = channel;   /* Update last channel */
 112   1      }
 113          
 114          
C51 COMPILER V9.51   ADC_DELSIG_1_AMUX                                                     05/22/2017 14:28:06 PAGE 3   

 115          #if (ADC_DelSig_1_AMux_MUXTYPE == ADC_DelSig_1_AMux_MUX_DIFF)
              #if (!ADC_DelSig_1_AMux_ATMOSTONE)
              /*******************************************************************************
              * Function Name: ADC_DelSig_1_AMux_Connect
              ********************************************************************************
              * Summary:
              *  This function connects the given channel without affecting other connections.
              *
              * Parameters:
              *  channel:  The channel to connect to the common terminal.
              *
              * Return:
              *  void
              *
              *******************************************************************************/
              void ADC_DelSig_1_AMux_Connect(uint8 channel) 
              {
                  ADC_DelSig_1_AMux_CYAMUXSIDE_A_Set(channel);
                  ADC_DelSig_1_AMux_CYAMUXSIDE_B_Set(channel);
              }
              #endif
              
              /*******************************************************************************
              * Function Name: ADC_DelSig_1_AMux_Disconnect
              ********************************************************************************
              * Summary:
              *  This function disconnects the given channel from the common or output
              *  terminal without affecting other connections.
              *
              * Parameters:
              *  channel:  The channel to disconnect from the common terminal.
              *
              * Return:
              *  void
              *
              *******************************************************************************/
              void ADC_DelSig_1_AMux_Disconnect(uint8 channel) 
              {
                  ADC_DelSig_1_AMux_CYAMUXSIDE_A_Unset(channel);
                  ADC_DelSig_1_AMux_CYAMUXSIDE_B_Unset(channel);
              }
              #endif
 157          
 158          #if (ADC_DelSig_1_AMux_ATMOSTONE)
              /*******************************************************************************
              * Function Name: ADC_DelSig_1_AMux_DisconnectAll
              ********************************************************************************
              * Summary:
              *  This function disconnects all channels.
              *
              * Parameters:
              *  void
              *
              * Return:
              *  void
              *
              *******************************************************************************/
              void ADC_DelSig_1_AMux_DisconnectAll(void) 
              {
                  if(ADC_DelSig_1_AMux_lastChannel != ADC_DelSig_1_AMux_NULL_CHANNEL) 
                  {
                      ADC_DelSig_1_AMux_Disconnect(ADC_DelSig_1_AMux_lastChannel);
C51 COMPILER V9.51   ADC_DELSIG_1_AMUX                                                     05/22/2017 14:28:06 PAGE 4   

                      ADC_DelSig_1_AMux_lastChannel = ADC_DelSig_1_AMux_NULL_CHANNEL;
                  }
              }
              #endif
 181          
 182          /* [] END OF FILE */


MODULE INFORMATION:   STATIC OVERLAYABLE
   CODE SIZE        =     91    ----
   CONSTANT SIZE    =   ----    ----
   XDATA SIZE       =      1       3
   PDATA SIZE       =   ----    ----
   DATA SIZE        =   ----    ----
   IDATA SIZE       =   ----    ----
   BIT SIZE         =   ----    ----
   EDATA SIZE       =   ----    ----
   HDATA SIZE       =   ----    ----
   XDATA CONST SIZE =   ----    ----
   FAR CONST SIZE   =   ----    ----
END OF MODULE INFORMATION.


C51 COMPILATION COMPLETE.  0 WARNING(S),  0 ERROR(S)
