--------------- Build Started: 05/22/2017 14:27:18 Project: StepperM, Configuration: DP8051 Keil 9.51 Debug ---------------
cydsfit.exe -.appdatapath "C:\Users\alexanderpo\AppData\Local\Cypress Semiconductor\PSoC Creator\4.0" -.fdsnotice -.fdswarpdepfile=warp_dependencies.txt -.fdselabdepfile=elab_dependencies.txt -.fdsbldfile=generated_files.txt -.fdsreffile=referenced_files.txt -p "E:\Alex\Dropbox\Projects\Ventmatika\Stepper\Stepper Control\software\Cypress\SMControl\StepperM.cydsn\StepperM.cyprj" -d CY8C3866AXI-040 -s "E:\Alex\Dropbox\Projects\Ventmatika\Stepper\Stepper Control\software\Cypress\SMControl\StepperM.cydsn\Generated_Source\PSoC3" -- -yv2 -q10 -ygs -o2 -v3 -.fftcfgtype=BE
Elaborating Design...
ADD: sdb.M0065: information: Analog terminal "ADC_DelSig_1.vminus" on TopDesign is unconnected.
 * E:\Alex\Dropbox\Projects\Ventmatika\Stepper\Stepper Control\software\Cypress\SMControl\StepperM.cydsn\TopDesign\TopDesign.cysch (Signal: Net_682)
 * E:\Alex\Dropbox\Projects\Ventmatika\Stepper\Stepper Control\software\Cypress\SMControl\StepperM.cydsn\TopDesign\TopDesign.cysch (Shape_291.4)
HDL Generation...
Synthesis...
Tech Mapping...
ADD: pft.M0040: information: The following 7 pin(s) will be assigned a location by the fitter: \LCD:LCDPort(0)\, \LCD:LCDPort(1)\, \LCD:LCDPort(2)\, \LCD:LCDPort(3)\, \LCD:LCDPort(4)\, \LCD:LCDPort(5)\, \LCD:LCDPort(6)\
Analog Placement...
Info: apr.M0002: Analog signal "\ADC_DelSig_1:Net_35\" is connected to one terminal only. (App=cydsfit)
Log: apr.M0058: The analog placement iterative improvement is 38% done. (App=cydsfit)
Log: apr.M0058: The analog placement iterative improvement is 59% done. (App=cydsfit)
Analog Routing...
Analog Code Generation...
Digital Placement...
Digital Routing...
Bitstream Generation...
Bitstream Verification...
Static timing analysis...
Warning: sta.M0021: StepperM_timing.html: Warning-1350: Asynchronous path(s) exist from "ClockBlock/clk_bus_glb" to "ClockBlock/dclk_glb_3". See the timing report for details. (File=E:\Alex\Dropbox\Projects\Ventmatika\Stepper\Stepper Control\software\Cypress\SMControl\StepperM.cydsn\StepperM_timing.html)
API Generation...
Dependency Generation...
Cleanup...
c51.exe main.c NOIV LARGE MODDP2 OMF2 VB(1) NOIP "INCDIR(., Generated_Source\PSoC3)" FF(3) DB WL(2) PR(.\DP8051\DP8051_Keil_951\Debug/main.lst) OT(5 ) OJ(.\DP8051\DP8051_Keil_951\Debug\main.obj)
c51.exe stepper.c NOIV LARGE MODDP2 OMF2 VB(1) NOIP "INCDIR(., Generated_Source\PSoC3)" FF(3) DB WL(2) PR(.\DP8051\DP8051_Keil_951\Debug/stepper.lst) OT(5 ) OJ(.\DP8051\DP8051_Keil_951\Debug\stepper.obj)
c51.exe UART.c NOIV LARGE MODDP2 OMF2 VB(1) NOIP "INCDIR(., Generated_Source\PSoC3)" FF(3) DB WL(2) PR(.\DP8051\DP8051_Keil_951\Debug/UART.lst) OT(5 ) OJ(.\DP8051\DP8051_Keil_951\Debug\UART.obj)
c51.exe userinterface.c NOIV LARGE MODDP2 OMF2 VB(1) NOIP "INCDIR(., Generated_Source\PSoC3)" FF(3) DB WL(2) PR(.\DP8051\DP8051_Keil_951\Debug/userinterface.lst) OT(5 ) OJ(.\DP8051\DP8051_Keil_951\Debug\userinterface.obj)
c51.exe Generated_Source\PSoC3\ADC_DelSig_1.c NOIV LARGE MODDP2 OMF2 VB(1) NOIP "INCDIR(., Generated_Source\PSoC3)" FF(3) DB WL(2) PR(.\DP8051\DP8051_Keil_951\Debug/ADC_DelSig_1.lst) OT(5 ) OJ(.\DP8051\DP8051_Keil_951\Debug\ADC_DelSig_1.obj)
c51.exe Generated_Source\PSoC3\ADC_DelSig_1_INT.c NOIV LARGE MODDP2 OMF2 VB(1) NOIP "INCDIR(., Generated_Source\PSoC3)" FF(3) DB WL(2) PR(.\DP8051\DP8051_Keil_951\Debug/ADC_DelSig_1_INT.lst) OT(5 ) OJ(.\DP8051\DP8051_Keil_951\Debug\ADC_DelSig_1_INT.obj)
c51.exe Generated_Source\PSoC3\ADC_DelSig_1_PM.c NOIV LARGE MODDP2 OMF2 VB(1) NOIP "INCDIR(., Generated_Source\PSoC3)" FF(3) DB WL(2) PR(.\DP8051\DP8051_Keil_951\Debug/ADC_DelSig_1_PM.lst) OT(5 ) OJ(.\DP8051\DP8051_Keil_951\Debug\ADC_DelSig_1_PM.obj)
c51.exe Generated_Source\PSoC3\ADC_DelSig_1_theACLK.c NOIV LARGE MODDP2 OMF2 VB(1) NOIP "INCDIR(., Generated_Source\PSoC3)" FF(3) DB WL(2) PR(.\DP8051\DP8051_Keil_951\Debug/ADC_DelSig_1_theACLK.lst) OT(5 ) OJ(.\DP8051\DP8051_Keil_951\Debug\ADC_DelSig_1_theACLK.obj)
c51.exe Generated_Source\PSoC3\clock_pulse_1.c NOIV LARGE MODDP2 OMF2 VB(1) NOIP "INCDIR(., Generated_Source\PSoC3)" FF(3) DB WL(2) PR(.\DP8051\DP8051_Keil_951\Debug/clock_pulse_1.lst) OT(5 ) OJ(.\DP8051\DP8051_Keil_951\Debug\clock_pulse_1.obj)
c51.exe Generated_Source\PSoC3\clock_pwm.c NOIV LARGE MODDP2 OMF2 VB(1) NOIP "INCDIR(., Generated_Source\PSoC3)" FF(3) DB WL(2) PR(.\DP8051\DP8051_Keil_951\Debug/clock_pwm.lst) OT(5 ) OJ(.\DP8051\DP8051_Keil_951\Debug\clock_pwm.obj)
c51.exe Generated_Source\PSoC3\Comp_A.c NOIV LARGE MODDP2 OMF2 VB(1) NOIP "INCDIR(., Generated_Source\PSoC3)" FF(3) DB WL(2) PR(.\DP8051\DP8051_Keil_951\Debug/Comp_A.lst) OT(5 ) OJ(.\DP8051\DP8051_Keil_951\Debug\Comp_A.obj)
c51.exe Generated_Source\PSoC3\Comp_A_PM.c NOIV LARGE MODDP2 OMF2 VB(1) NOIP "INCDIR(., Generated_Source\PSoC3)" FF(3) DB WL(2) PR(.\DP8051\DP8051_Keil_951\Debug/Comp_A_PM.lst) OT(5 ) OJ(.\DP8051\DP8051_Keil_951\Debug\Comp_A_PM.obj)
c51.exe Generated_Source\PSoC3\Comp_B.c NOIV LARGE MODDP2 OMF2 VB(1) NOIP "INCDIR(., Generated_Source\PSoC3)" FF(3) DB WL(2) PR(.\DP8051\DP8051_Keil_951\Debug/Comp_B.lst) OT(5 ) OJ(.\DP8051\DP8051_Keil_951\Debug\Comp_B.obj)
c51.exe Generated_Source\PSoC3\Comp_B_PM.c NOIV LARGE MODDP2 OMF2 VB(1) NOIP "INCDIR(., Generated_Source\PSoC3)" FF(3) DB WL(2) PR(.\DP8051\DP8051_Keil_951\Debug/Comp_B_PM.lst) OT(5 ) OJ(.\DP8051\DP8051_Keil_951\Debug\Comp_B_PM.obj)
c51.exe Generated_Source\PSoC3\Control_Reg_1.c NOIV LARGE MODDP2 OMF2 VB(1) NOIP "INCDIR(., Generated_Source\PSoC3)" FF(3) DB WL(2) PR(.\DP8051\DP8051_Keil_951\Debug/Control_Reg_1.lst) OT(5 ) OJ(.\DP8051\DP8051_Keil_951\Debug\Control_Reg_1.obj)
c51.exe Generated_Source\PSoC3\Control_Reg_1_PM.c NOIV LARGE MODDP2 OMF2 VB(1) NOIP "INCDIR(., Generated_Source\PSoC3)" FF(3) DB WL(2) PR(.\DP8051\DP8051_Keil_951\Debug/Control_Reg_1_PM.lst) OT(5 ) OJ(.\DP8051\DP8051_Keil_951\Debug\Control_Reg_1_PM.obj)
c51.exe Generated_Source\PSoC3\Control_Start.c NOIV LARGE MODDP2 OMF2 VB(1) NOIP "INCDIR(., Generated_Source\PSoC3)" FF(3) DB WL(2) PR(.\DP8051\DP8051_Keil_951\Debug/Control_Start.lst) OT(5 ) OJ(.\DP8051\DP8051_Keil_951\Debug\Control_Start.obj)
c51.exe Generated_Source\PSoC3\Control_Start_PM.c NOIV LARGE MODDP2 OMF2 VB(1) NOIP "INCDIR(., Generated_Source\PSoC3)" FF(3) DB WL(2) PR(.\DP8051\DP8051_Keil_951\Debug/Control_Start_PM.lst) OT(5 ) OJ(.\DP8051\DP8051_Keil_951\Debug\Control_Start_PM.obj)
c51.exe Generated_Source\PSoC3\Curr_A.c NOIV LARGE MODDP2 OMF2 VB(1) NOIP "INCDIR(., Generated_Source\PSoC3)" FF(3) DB WL(2) PR(.\DP8051\DP8051_Keil_951\Debug/Curr_A.lst) OT(5 ) OJ(.\DP8051\DP8051_Keil_951\Debug\Curr_A.obj)
c51.exe Generated_Source\PSoC3\Curr_B.c NOIV LARGE MODDP2 OMF2 VB(1) NOIP "INCDIR(., Generated_Source\PSoC3)" FF(3) DB WL(2) PR(.\DP8051\DP8051_Keil_951\Debug/Curr_B.lst) OT(5 ) OJ(.\DP8051\DP8051_Keil_951\Debug\Curr_B.obj)
c51.exe Generated_Source\PSoC3\CyDmac.c NOIV LARGE MODDP2 OMF2 VB(1) NOIP "INCDIR(., Generated_Source\PSoC3)" FF(3) DB WL(2) PR(.\DP8051\DP8051_Keil_951\Debug/CyDmac.lst) OT(5 ) OJ(.\DP8051\DP8051_Keil_951\Debug\CyDmac.obj)
c51.exe Generated_Source\PSoC3\CyFlash.c NOIV LARGE MODDP2 OMF2 VB(1) NOIP "INCDIR(., Generated_Source\PSoC3)" FF(3) DB WL(2) PR(.\DP8051\DP8051_Keil_951\Debug/CyFlash.lst) OT(5 ) OJ(.\DP8051\DP8051_Keil_951\Debug\CyFlash.obj)
c51.exe Generated_Source\PSoC3\CyLib.c NOIV LARGE MODDP2 OMF2 VB(1) NOIP "INCDIR(., Generated_Source\PSoC3)" FF(3) DB WL(2) PR(.\DP8051\DP8051_Keil_951\Debug/CyLib.lst) OT(5 ) OJ(.\DP8051\DP8051_Keil_951\Debug\CyLib.obj)
c51.exe Generated_Source\PSoC3\CySpc.c NOIV LARGE MODDP2 OMF2 VB(1) NOIP "INCDIR(., Generated_Source\PSoC3)" FF(3) DB WL(2) PR(.\DP8051\DP8051_Keil_951\Debug/CySpc.lst) OT(5 ) OJ(.\DP8051\DP8051_Keil_951\Debug\CySpc.obj)
c51.exe Generated_Source\PSoC3\cyutils.c NOIV LARGE MODDP2 OMF2 VB(1) NOIP "INCDIR(., Generated_Source\PSoC3)" FF(3) DB WL(2) PR(.\DP8051\DP8051_Keil_951\Debug/cyutils.lst) OT(5 ) OJ(.\DP8051\DP8051_Keil_951\Debug\cyutils.obj)
c51.exe Generated_Source\PSoC3\cyPm.c NOIV LARGE MODDP2 OMF2 VB(1) NOIP "INCDIR(., Generated_Source\PSoC3)" FF(3) DB WL(2) PR(.\DP8051\DP8051_Keil_951\Debug/cyPm.lst) OT(5 ) OJ(.\DP8051\DP8051_Keil_951\Debug\cyPm.obj)
c51.exe Generated_Source\PSoC3\isr_pwm.c NOIV LARGE MODDP2 OMF2 VB(1) NOIP "INCDIR(., Generated_Source\PSoC3)" FF(3) DB WL(2) PR(.\DP8051\DP8051_Keil_951\Debug/isr_pwm.lst) OT(5 ) OJ(.\DP8051\DP8051_Keil_951\Debug\isr_pwm.obj)
c51.exe Generated_Source\PSoC3\isr_timer.c NOIV LARGE MODDP2 OMF2 VB(1) NOIP "INCDIR(., Generated_Source\PSoC3)" FF(3) DB WL(2) PR(.\DP8051\DP8051_Keil_951\Debug/isr_timer.lst) OT(5 ) OJ(.\DP8051\DP8051_Keil_951\Debug\isr_timer.obj)
c51.exe Generated_Source\PSoC3\LCD.c NOIV LARGE MODDP2 OMF2 VB(1) NOIP "INCDIR(., Generated_Source\PSoC3)" FF(3) DB WL(2) PR(.\DP8051\DP8051_Keil_951\Debug/LCD.lst) OT(5 ) OJ(.\DP8051\DP8051_Keil_951\Debug\LCD.obj)
c51.exe Generated_Source\PSoC3\LCD_PM.c NOIV LARGE MODDP2 OMF2 VB(1) NOIP "INCDIR(., Generated_Source\PSoC3)" FF(3) DB WL(2) PR(.\DP8051\DP8051_Keil_951\Debug/LCD_PM.lst) OT(5 ) OJ(.\DP8051\DP8051_Keil_951\Debug\LCD_PM.obj)
c51.exe Generated_Source\PSoC3\LCD_LCDPort.c NOIV LARGE MODDP2 OMF2 VB(1) NOIP "INCDIR(., Generated_Source\PSoC3)" FF(3) DB WL(2) PR(.\DP8051\DP8051_Keil_951\Debug/LCD_LCDPort.lst) OT(5 ) OJ(.\DP8051\DP8051_Keil_951\Debug\LCD_LCDPort.obj)
c51.exe Generated_Source\PSoC3\PGA_1.c NOIV LARGE MODDP2 OMF2 VB(1) NOIP "INCDIR(., Generated_Source\PSoC3)" FF(3) DB WL(2) PR(.\DP8051\DP8051_Keil_951\Debug/PGA_1.lst) OT(5 ) OJ(.\DP8051\DP8051_Keil_951\Debug\PGA_1.obj)
c51.exe Generated_Source\PSoC3\PGA_1_PM.c NOIV LARGE MODDP2 OMF2 VB(1) NOIP "INCDIR(., Generated_Source\PSoC3)" FF(3) DB WL(2) PR(.\DP8051\DP8051_Keil_951\Debug/PGA_1_PM.lst) OT(5 ) OJ(.\DP8051\DP8051_Keil_951\Debug\PGA_1_PM.obj)
c51.exe Generated_Source\PSoC3\PGA_2.c NOIV LARGE MODDP2 OMF2 VB(1) NOIP "INCDIR(., Generated_Source\PSoC3)" FF(3) DB WL(2) PR(.\DP8051\DP8051_Keil_951\Debug/PGA_2.lst) OT(5 ) OJ(.\DP8051\DP8051_Keil_951\Debug\PGA_2.obj)
c51.exe Generated_Source\PSoC3\PGA_2_PM.c NOIV LARGE MODDP2 OMF2 VB(1) NOIP "INCDIR(., Generated_Source\PSoC3)" FF(3) DB WL(2) PR(.\DP8051\DP8051_Keil_951\Debug/PGA_2_PM.lst) OT(5 ) OJ(.\DP8051\DP8051_Keil_951\Debug\PGA_2_PM.obj)
c51.exe Generated_Source\PSoC3\Pot.c NOIV LARGE MODDP2 OMF2 VB(1) NOIP "INCDIR(., Generated_Source\PSoC3)" FF(3) DB WL(2) PR(.\DP8051\DP8051_Keil_951\Debug/Pot.lst) OT(5 ) OJ(.\DP8051\DP8051_Keil_951\Debug\Pot.obj)
c51.exe Generated_Source\PSoC3\PWM_1H.c NOIV LARGE MODDP2 OMF2 VB(1) NOIP "INCDIR(., Generated_Source\PSoC3)" FF(3) DB WL(2) PR(.\DP8051\DP8051_Keil_951\Debug/PWM_1H.lst) OT(5 ) OJ(.\DP8051\DP8051_Keil_951\Debug\PWM_1H.obj)
c51.exe Generated_Source\PSoC3\PWM_1L.c NOIV LARGE MODDP2 OMF2 VB(1) NOIP "INCDIR(., Generated_Source\PSoC3)" FF(3) DB WL(2) PR(.\DP8051\DP8051_Keil_951\Debug/PWM_1L.lst) OT(5 ) OJ(.\DP8051\DP8051_Keil_951\Debug\PWM_1L.obj)
c51.exe Generated_Source\PSoC3\PWM_2H.c NOIV LARGE MODDP2 OMF2 VB(1) NOIP "INCDIR(., Generated_Source\PSoC3)" FF(3) DB WL(2) PR(.\DP8051\DP8051_Keil_951\Debug/PWM_2H.lst) OT(5 ) OJ(.\DP8051\DP8051_Keil_951\Debug\PWM_2H.obj)
c51.exe Generated_Source\PSoC3\PWM_2L.c NOIV LARGE MODDP2 OMF2 VB(1) NOIP "INCDIR(., Generated_Source\PSoC3)" FF(3) DB WL(2) PR(.\DP8051\DP8051_Keil_951\Debug/PWM_2L.lst) OT(5 ) OJ(.\DP8051\DP8051_Keil_951\Debug\PWM_2L.obj)
c51.exe Generated_Source\PSoC3\PWM_3H.c NOIV LARGE MODDP2 OMF2 VB(1) NOIP "INCDIR(., Generated_Source\PSoC3)" FF(3) DB WL(2) PR(.\DP8051\DP8051_Keil_951\Debug/PWM_3H.lst) OT(5 ) OJ(.\DP8051\DP8051_Keil_951\Debug\PWM_3H.obj)
c51.exe Generated_Source\PSoC3\PWM_3L.c NOIV LARGE MODDP2 OMF2 VB(1) NOIP "INCDIR(., Generated_Source\PSoC3)" FF(3) DB WL(2) PR(.\DP8051\DP8051_Keil_951\Debug/PWM_3L.lst) OT(5 ) OJ(.\DP8051\DP8051_Keil_951\Debug\PWM_3L.obj)
c51.exe Generated_Source\PSoC3\PWM_4H.c NOIV LARGE MODDP2 OMF2 VB(1) NOIP "INCDIR(., Generated_Source\PSoC3)" FF(3) DB WL(2) PR(.\DP8051\DP8051_Keil_951\Debug/PWM_4H.lst) OT(5 ) OJ(.\DP8051\DP8051_Keil_951\Debug\PWM_4H.obj)
c51.exe Generated_Source\PSoC3\PWM_4L.c NOIV LARGE MODDP2 OMF2 VB(1) NOIP "INCDIR(., Generated_Source\PSoC3)" FF(3) DB WL(2) PR(.\DP8051\DP8051_Keil_951\Debug/PWM_4L.lst) OT(5 ) OJ(.\DP8051\DP8051_Keil_951\Debug\PWM_4L.obj)
c51.exe Generated_Source\PSoC3\PWM_A.c NOIV LARGE MODDP2 OMF2 VB(1) NOIP "INCDIR(., Generated_Source\PSoC3)" FF(3) DB WL(2) PR(.\DP8051\DP8051_Keil_951\Debug/PWM_A.lst) OT(5 ) OJ(.\DP8051\DP8051_Keil_951\Debug\PWM_A.obj)
c51.exe Generated_Source\PSoC3\PWM_A_PM.c NOIV LARGE MODDP2 OMF2 VB(1) NOIP "INCDIR(., Generated_Source\PSoC3)" FF(3) DB WL(2) PR(.\DP8051\DP8051_Keil_951\Debug/PWM_A_PM.lst) OT(5 ) OJ(.\DP8051\DP8051_Keil_951\Debug\PWM_A_PM.obj)
c51.exe Generated_Source\PSoC3\PWM_B.c NOIV LARGE MODDP2 OMF2 VB(1) NOIP "INCDIR(., Generated_Source\PSoC3)" FF(3) DB WL(2) PR(.\DP8051\DP8051_Keil_951\Debug/PWM_B.lst) OT(5 ) OJ(.\DP8051\DP8051_Keil_951\Debug\PWM_B.obj)
c51.exe Generated_Source\PSoC3\PWM_B_PM.c NOIV LARGE MODDP2 OMF2 VB(1) NOIP "INCDIR(., Generated_Source\PSoC3)" FF(3) DB WL(2) PR(.\DP8051\DP8051_Keil_951\Debug/PWM_B_PM.lst) OT(5 ) OJ(.\DP8051\DP8051_Keil_951\Debug\PWM_B_PM.obj)
c51.exe Generated_Source\PSoC3\Switch1.c NOIV LARGE MODDP2 OMF2 VB(1) NOIP "INCDIR(., Generated_Source\PSoC3)" FF(3) DB WL(2) PR(.\DP8051\DP8051_Keil_951\Debug/Switch1.lst) OT(5 ) OJ(.\DP8051\DP8051_Keil_951\Debug\Switch1.obj)
c51.exe Generated_Source\PSoC3\Switch2.c NOIV LARGE MODDP2 OMF2 VB(1) NOIP "INCDIR(., Generated_Source\PSoC3)" FF(3) DB WL(2) PR(.\DP8051\DP8051_Keil_951\Debug/Switch2.lst) OT(5 ) OJ(.\DP8051\DP8051_Keil_951\Debug\Switch2.obj)
c51.exe Generated_Source\PSoC3\Timer_1.c NOIV LARGE MODDP2 OMF2 VB(1) NOIP "INCDIR(., Generated_Source\PSoC3)" FF(3) DB WL(2) PR(.\DP8051\DP8051_Keil_951\Debug/Timer_1.lst) OT(5 ) OJ(.\DP8051\DP8051_Keil_951\Debug\Timer_1.obj)
c51.exe Generated_Source\PSoC3\Timer_1_PM.c NOIV LARGE MODDP2 OMF2 VB(1) NOIP "INCDIR(., Generated_Source\PSoC3)" FF(3) DB WL(2) PR(.\DP8051\DP8051_Keil_951\Debug/Timer_1_PM.lst) OT(5 ) OJ(.\DP8051\DP8051_Keil_951\Debug\Timer_1_PM.obj)
c51.exe Generated_Source\PSoC3\UART_1.c NOIV LARGE MODDP2 OMF2 VB(1) NOIP "INCDIR(., Generated_Source\PSoC3)" FF(3) DB WL(2) PR(.\DP8051\DP8051_Keil_951\Debug/UART_1.lst) OT(5 ) OJ(.\DP8051\DP8051_Keil_951\Debug\UART_1.obj)
c51.exe Generated_Source\PSoC3\UART_1_INT.c NOIV LARGE MODDP2 OMF2 VB(1) NOIP "INCDIR(., Generated_Source\PSoC3)" FF(3) DB WL(2) PR(.\DP8051\DP8051_Keil_951\Debug/UART_1_INT.lst) OT(5 ) OJ(.\DP8051\DP8051_Keil_951\Debug\UART_1_INT.obj)
c51.exe Generated_Source\PSoC3\UART_1_PM.c NOIV LARGE MODDP2 OMF2 VB(1) NOIP "INCDIR(., Generated_Source\PSoC3)" FF(3) DB WL(2) PR(.\DP8051\DP8051_Keil_951\Debug/UART_1_PM.lst) OT(5 ) OJ(.\DP8051\DP8051_Keil_951\Debug\UART_1_PM.obj)
c51.exe Generated_Source\PSoC3\UART_1_BOOT.c NOIV LARGE MODDP2 OMF2 VB(1) NOIP "INCDIR(., Generated_Source\PSoC3)" FF(3) DB WL(2) PR(.\DP8051\DP8051_Keil_951\Debug/UART_1_BOOT.lst) OT(5 ) OJ(.\DP8051\DP8051_Keil_951\Debug\UART_1_BOOT.obj)
c51.exe Generated_Source\PSoC3\UART_1_IntClock.c NOIV LARGE MODDP2 OMF2 VB(1) NOIP "INCDIR(., Generated_Source\PSoC3)" FF(3) DB WL(2) PR(.\DP8051\DP8051_Keil_951\Debug/UART_1_IntClock.lst) OT(5 ) OJ(.\DP8051\DP8051_Keil_951\Debug\UART_1_IntClock.obj)
c51.exe Generated_Source\PSoC3\UART_IN.c NOIV LARGE MODDP2 OMF2 VB(1) NOIP "INCDIR(., Generated_Source\PSoC3)" FF(3) DB WL(2) PR(.\DP8051\DP8051_Keil_951\Debug/UART_IN.lst) OT(5 ) OJ(.\DP8051\DP8051_Keil_951\Debug\UART_IN.obj)
c51.exe Generated_Source\PSoC3\UART_OUT.c NOIV LARGE MODDP2 OMF2 VB(1) NOIP "INCDIR(., Generated_Source\PSoC3)" FF(3) DB WL(2) PR(.\DP8051\DP8051_Keil_951\Debug/UART_OUT.lst) OT(5 ) OJ(.\DP8051\DP8051_Keil_951\Debug\UART_OUT.obj)
c51.exe Generated_Source\PSoC3\VDAC8_IrefA.c NOIV LARGE MODDP2 OMF2 VB(1) NOIP "INCDIR(., Generated_Source\PSoC3)" FF(3) DB WL(2) PR(.\DP8051\DP8051_Keil_951\Debug/VDAC8_IrefA.lst) OT(5 ) OJ(.\DP8051\DP8051_Keil_951\Debug\VDAC8_IrefA.obj)
c51.exe Generated_Source\PSoC3\VDAC8_IrefA_PM.c NOIV LARGE MODDP2 OMF2 VB(1) NOIP "INCDIR(., Generated_Source\PSoC3)" FF(3) DB WL(2) PR(.\DP8051\DP8051_Keil_951\Debug/VDAC8_IrefA_PM.lst) OT(5 ) OJ(.\DP8051\DP8051_Keil_951\Debug\VDAC8_IrefA_PM.obj)
c51.exe Generated_Source\PSoC3\VDAC8_IrefB.c NOIV LARGE MODDP2 OMF2 VB(1) NOIP "INCDIR(., Generated_Source\PSoC3)" FF(3) DB WL(2) PR(.\DP8051\DP8051_Keil_951\Debug/VDAC8_IrefB.lst) OT(5 ) OJ(.\DP8051\DP8051_Keil_951\Debug\VDAC8_IrefB.obj)
c51.exe Generated_Source\PSoC3\VDAC8_IrefB_PM.c NOIV LARGE MODDP2 OMF2 VB(1) NOIP "INCDIR(., Generated_Source\PSoC3)" FF(3) DB WL(2) PR(.\DP8051\DP8051_Keil_951\Debug/VDAC8_IrefB_PM.lst) OT(5 ) OJ(.\DP8051\DP8051_Keil_951\Debug\VDAC8_IrefB_PM.obj)
c51.exe Generated_Source\PSoC3\cyfitter_cfg.c NOIV LARGE MODDP2 OMF2 VB(1) NOIP "INCDIR(., Generated_Source\PSoC3)" FF(3) DB WL(2) PR(.\DP8051\DP8051_Keil_951\Debug/cyfitter_cfg.lst) OT(5 ) OJ(.\DP8051\DP8051_Keil_951\Debug\cyfitter_cfg.obj)
c51.exe Generated_Source\PSoC3\ADC_DelSig_1_AMux.c NOIV LARGE MODDP2 OMF2 VB(1) NOIP "INCDIR(., Generated_Source\PSoC3)" FF(3) DB WL(2) PR(.\DP8051\DP8051_Keil_951\Debug/ADC_DelSig_1_AMux.lst) OT(5 ) OJ(.\DP8051\DP8051_Keil_951\Debug\ADC_DelSig_1_AMux.obj)
c51.exe Generated_Source\PSoC3\ADC_DelSig_1_Ext_CP_Clk.c NOIV LARGE MODDP2 OMF2 VB(1) NOIP "INCDIR(., Generated_Source\PSoC3)" FF(3) DB WL(2) PR(.\DP8051\DP8051_Keil_951\Debug/ADC_DelSig_1_Ext_CP_Clk.lst) OT(5 ) OJ(.\DP8051\DP8051_Keil_951\Debug\ADC_DelSig_1_Ext_CP_Clk.obj)
c51.exe Generated_Source\PSoC3\ADC_DelSig_1_IRQ.c NOIV LARGE MODDP2 OMF2 VB(1) NOIP "INCDIR(., Generated_Source\PSoC3)" FF(3) DB WL(2) PR(.\DP8051\DP8051_Keil_951\Debug/ADC_DelSig_1_IRQ.lst) OT(5 ) OJ(.\DP8051\DP8051_Keil_951\Debug\ADC_DelSig_1_IRQ.obj)
Ax51.exe Generated_Source\PSoC3\cymem.a51 CASE EP "INCDIR(., Generated_Source\PSoC3)" DB MACRO NOCO PR(.\DP8051\DP8051_Keil_951\Debug/cymem.lst) OJ(.\DP8051\DP8051_Keil_951\Debug\cymem.obj)
Ax51.exe Generated_Source\PSoC3\KeilStart.a51 CASE EP "INCDIR(., Generated_Source\PSoC3)" DB MACRO NOCO PR(.\DP8051\DP8051_Keil_951\Debug/KeilStart.lst) OJ(.\DP8051\DP8051_Keil_951\Debug\KeilStart.obj)
Ax51.exe Generated_Source\PSoC3\CyBootAsmKeil.a51 CASE EP "INCDIR(., Generated_Source\PSoC3)" DB MACRO NOCO PR(.\DP8051\DP8051_Keil_951\Debug/CyBootAsmKeil.lst) OJ(.\DP8051\DP8051_Keil_951\Debug\CyBootAsmKeil.obj)
LIBX51.exe TRANSFER '.\DP8051\DP8051_Keil_951\Debug\ADC_DelSig_1.obj', '.\DP8051\DP8051_Keil_951\Debug\ADC_DelSig_1_INT.obj', '.\DP8051\DP8051_Keil_951\Debug\ADC_DelSig_1_PM.obj', '.\DP8051\DP8051_Keil_951\Debug\ADC_DelSig_1_theACLK.obj', '.\DP8051\DP8051_Keil_951\Debug\clock_pulse_1.obj', '.\DP8051\DP8051_Keil_951\Debug\clock_pwm.obj', '.\DP8051\DP8051_Keil_951\Debug\Comp_A.obj', '.\DP8051\DP8051_Keil_951\Debug\Comp_A_PM.obj', '.\DP8051\DP8051_Keil_951\Debug\Comp_B.obj', '.\DP8051\DP8051_Keil_951\Debug\Comp_B_PM.obj', '.\DP8051\DP8051_Keil_951\Debug\Control_Reg_1.obj', '.\DP8051\DP8051_Keil_951\Debug\Control_Reg_1_PM.obj', '.\DP8051\DP8051_Keil_951\Debug\Control_Start.obj', '.\DP8051\DP8051_Keil_951\Debug\Control_Start_PM.obj', '.\DP8051\DP8051_Keil_951\Debug\Curr_A.obj', '.\DP8051\DP8051_Keil_951\Debug\Curr_B.obj', '.\DP8051\DP8051_Keil_951\Debug\CyDmac.obj', '.\DP8051\DP8051_Keil_951\Debug\CyFlash.obj', '.\DP8051\DP8051_Keil_951\Debug\CyLib.obj', '.\DP8051\DP8051_Keil_951\Debug\CySpc.obj', '.\DP8051\DP8051_Keil_951\Debug\cyutils.obj', '.\DP8051\DP8051_Keil_951\Debug\cyPm.obj', '.\DP8051\DP8051_Keil_951\Debug\isr_pwm.obj', '.\DP8051\DP8051_Keil_951\Debug\isr_timer.obj', '.\DP8051\DP8051_Keil_951\Debug\LCD.obj', '.\DP8051\DP8051_Keil_951\Debug\LCD_PM.obj', '.\DP8051\DP8051_Keil_951\Debug\LCD_LCDPort.obj', '.\DP8051\DP8051_Keil_951\Debug\PGA_1.obj', '.\DP8051\DP8051_Keil_951\Debug\PGA_1_PM.obj', '.\DP8051\DP8051_Keil_951\Debug\PGA_2.obj', '.\DP8051\DP8051_Keil_951\Debug\PGA_2_PM.obj', '.\DP8051\DP8051_Keil_951\Debug\Pot.obj', '.\DP8051\DP8051_Keil_951\Debug\PWM_1H.obj', '.\DP8051\DP8051_Keil_951\Debug\PWM_1L.obj', '.\DP8051\DP8051_Keil_951\Debug\PWM_2H.obj', '.\DP8051\DP8051_Keil_951\Debug\PWM_2L.obj', '.\DP8051\DP8051_Keil_951\Debug\PWM_3H.obj', '.\DP8051\DP8051_Keil_951\Debug\PWM_3L.obj', '.\DP8051\DP8051_Keil_951\Debug\PWM_4H.obj', '.\DP8051\DP8051_Keil_951\Debug\PWM_4L.obj', '.\DP8051\DP8051_Keil_951\Debug\PWM_A.obj', '.\DP8051\DP8051_Keil_951\Debug\PWM_A_PM.obj', '.\DP8051\DP8051_Keil_951\Debug\PWM_B.obj', '.\DP8051\DP8051_Keil_951\Debug\PWM_B_PM.obj', '.\DP8051\DP8051_Keil_951\Debug\Switch1.obj', '.\DP8051\DP8051_Keil_951\Debug\Switch2.obj', '.\DP8051\DP8051_Keil_951\Debug\Timer_1.obj', '.\DP8051\DP8051_Keil_951\Debug\Timer_1_PM.obj', '.\DP8051\DP8051_Keil_951\Debug\UART_1.obj', '.\DP8051\DP8051_Keil_951\Debug\UART_1_INT.obj', '.\DP8051\DP8051_Keil_951\Debug\UART_1_PM.obj', '.\DP8051\DP8051_Keil_951\Debug\UART_1_BOOT.obj', '.\DP8051\DP8051_Keil_951\Debug\UART_1_IntClock.obj', '.\DP8051\DP8051_Keil_951\Debug\UART_IN.obj', '.\DP8051\DP8051_Keil_951\Debug\UART_OUT.obj', '.\DP8051\DP8051_Keil_951\Debug\VDAC8_IrefA.obj', '.\DP8051\DP8051_Keil_951\Debug\VDAC8_IrefA_PM.obj', '.\DP8051\DP8051_Keil_951\Debug\VDAC8_IrefB.obj', '.\DP8051\DP8051_Keil_951\Debug\VDAC8_IrefB_PM.obj', '.\DP8051\DP8051_Keil_951\Debug\cyfitter_cfg.obj', '.\DP8051\DP8051_Keil_951\Debug\ADC_DelSig_1_AMux.obj', '.\DP8051\DP8051_Keil_951\Debug\ADC_DelSig_1_Ext_CP_Clk.obj', '.\DP8051\DP8051_Keil_951\Debug\ADC_DelSig_1_IRQ.obj', '.\DP8051\DP8051_Keil_951\Debug\cymem.obj', '.\DP8051\DP8051_Keil_951\Debug\KeilStart.obj', '.\DP8051\DP8051_Keil_951\Debug\CyBootAsmKeil.obj' TO '.\DP8051\DP8051_Keil_951\Debug\StepperM.lib'
LX51.exe '.\DP8051\DP8051_Keil_951\Debug\main.obj', '.\DP8051\DP8051_Keil_951\Debug\stepper.obj', '.\DP8051\DP8051_Keil_951\Debug\UART.obj', '.\DP8051\DP8051_Keil_951\Debug\userinterface.obj', '.\DP8051\DP8051_Keil_951\Debug\StepperM.lib', 'C:\Program Files (x86)\Cypress\PSoC Creator\4.0\PSoC Creator\psoc\content\cycomponentlibrary\CyComponentLibrary.cylib\DP8051\DP8051_Keil_951\Debug\CyComponentLibrary.lib' TO '.\DP8051\DP8051_Keil_951\Debug\StepperM.omf' RU RC(10) DW(16) WL(2) PR(.\DP8051\DP8051_Keil_951\Debug/StepperM.map) IX CL(XDATA(X:0x0000-X:0x1FFF)) CL(CODE(C:0x0000-C:0xFFFF)) CL(CONST(C:0x0000-C:0xFFFF))
*** WARNING L15: MULTIPLE CALL TO FUNCTION
    NAME:    _SETMAXCURR/MAIN
    CALLER1: ?C_C51STARTUP
    CALLER2: UART_1_RXISR/UART_1_INT
*** WARNING L15: MULTIPLE CALL TO FUNCTION
    NAME:    _PGA_1_SETGAIN/PGA_1
    CALLER1: ?C_C51STARTUP
    CALLER2: UART_1_RXISR/UART_1_INT
*** WARNING L15: MULTIPLE CALL TO FUNCTION
    NAME:    _PGA_2_SETGAIN/PGA_2
    CALLER1: ?C_C51STARTUP
    CALLER2: UART_1_RXISR/UART_1_INT
Program Size: data=14.0 xdata=517 const=92 code=14494
OHx51.exe StepperM.omf HEXFILE(StepperM.ihx)
c8051-elf-omf2elf.exe StepperM.omf StepperM.elf
cyhextool -o .\DP8051\DP8051_Keil_951\Debug\StepperM.hex -f .\DP8051\DP8051_Keil_951\Debug\StepperM.ihx -prot Generated_Source\PSoC3\protect.hex -id 1E028069 -a EEPROM=90200000:800,PROGRAM=00000000:10000,CONFIG=80000000:2000,PROTECT=90400000:40 -meta 0301 -cunv 00004005 -wonv BC90ACAF -ecc Generated_Source\PSoC3\config.hex
Flash used: 14586 of 65536 bytes (22.3 %).
SRAM used: 517 of 8192 bytes (6.3 %).
--------------- Build Succeeded: 05/22/2017 14:28:13 ---------------
