C51 COMPILER V9.51   CONTROL_START                                                         05/22/2017 14:27:59 PAGE 1   


C51 COMPILER V9.51, COMPILATION OF MODULE CONTROL_START
OBJECT MODULE PLACED IN .\DP8051\DP8051_Keil_951\Debug\Control_Start.obj
COMPILER INVOKED BY: C:\Program Files (x86)\Cypress\PSoC Creator\4.0\PSoC Creator\import\keil\pk51\9.51\C51\BIN\c51.exe 
                    -Generated_Source\PSoC3\Control_Start.c NOIV LARGE MODDP2 OMF2 VB(1) NOIP INCDIR(.,Generated_Source\PSoC3) FF(3) DB WL(2)
                    - PR(.\DP8051\DP8051_Keil_951\Debug/Control_Start.lst) OT(5) OJ(.\DP8051\DP8051_Keil_951\Debug\Control_Start.obj)

line level    source

   1          /*******************************************************************************
   2          * File Name: Control_Start.c  
   3          * Version 1.80
   4          *
   5          * Description:
   6          *  This file contains API to enable firmware control of a Control Register.
   7          *
   8          * Note:
   9          *
  10          ********************************************************************************
  11          * Copyright 2008-2015, Cypress Semiconductor Corporation.  All rights reserved.
  12          * You may use this file only in accordance with the license, terms, conditions, 
  13          * disclaimers, and limitations in the end user license agreement accompanying 
  14          * the software package with which this file was provided.
  15          *******************************************************************************/
  16          
  17          #include "Control_Start.h"
  18          
  19          /* Check for removal by optimization */
  20          #if !defined(Control_Start_Sync_ctrl_reg__REMOVED)
  21          
  22              
  23          /*******************************************************************************
  24          * Function Name: Control_Start_Write
  25          ********************************************************************************
  26          *
  27          * Summary:
  28          *  Write a byte to the Control Register.
  29          *
  30          * Parameters:
  31          *  control:  The value to be assigned to the Control Register.
  32          *
  33          * Return:
  34          *  None.
  35          *
  36          *******************************************************************************/
  37          void Control_Start_Write(uint8 control) 
  38          {
  39   1          Control_Start_Control = control;
  40   1      }
  41          
  42          
  43          /*******************************************************************************
  44          * Function Name: Control_Start_Read
  45          ********************************************************************************
  46          *
  47          * Summary:
  48          *  Reads the current value assigned to the Control Register.
  49          *
  50          * Parameters:
  51          *  None.
  52          *
  53          * Return:
C51 COMPILER V9.51   CONTROL_START                                                         05/22/2017 14:27:59 PAGE 2   

  54          *  Returns the current value in the Control Register.
  55          *
  56          *******************************************************************************/
  57          uint8 Control_Start_Read(void) 
  58          {
  59   1          return Control_Start_Control;
  60   1      }
  61          
  62          #endif /* End check for removal by optimization */
  63          
  64          
  65          /* [] END OF FILE */


MODULE INFORMATION:   STATIC OVERLAYABLE
   CODE SIZE        =     12    ----
   CONSTANT SIZE    =   ----    ----
   XDATA SIZE       =   ----    ----
   PDATA SIZE       =   ----    ----
   DATA SIZE        =   ----    ----
   IDATA SIZE       =   ----    ----
   BIT SIZE         =   ----    ----
   EDATA SIZE       =   ----    ----
   HDATA SIZE       =   ----    ----
   XDATA CONST SIZE =   ----    ----
   FAR CONST SIZE   =   ----    ----
END OF MODULE INFORMATION.


C51 COMPILATION COMPLETE.  0 WARNING(S),  0 ERROR(S)
