C51 COMPILER V9.51   PGA_1_PM                                                              05/22/2017 14:28:02 PAGE 1   


C51 COMPILER V9.51, COMPILATION OF MODULE PGA_1_PM
OBJECT MODULE PLACED IN .\DP8051\DP8051_Keil_951\Debug\PGA_1_PM.obj
COMPILER INVOKED BY: C:\Program Files (x86)\Cypress\PSoC Creator\4.0\PSoC Creator\import\keil\pk51\9.51\C51\BIN\c51.exe 
                    -Generated_Source\PSoC3\PGA_1_PM.c NOIV LARGE MODDP2 OMF2 VB(1) NOIP INCDIR(.,Generated_Source\PSoC3) FF(3) DB WL(2) PR(.
                    -\DP8051\DP8051_Keil_951\Debug/PGA_1_PM.lst) OT(5) OJ(.\DP8051\DP8051_Keil_951\Debug\PGA_1_PM.obj)

line level    source

   1          /*******************************************************************************
   2          * File Name: PGA_1_PM.c  
   3          * Version 2.0
   4          *
   5          * Description:
   6          *  This file provides the power manager source code to the API for PGA 
   7          *  Component.
   8          *
   9          * Note:
  10          *
  11          ********************************************************************************
  12          * Copyright 2008-2012, Cypress Semiconductor Corporation.  All rights reserved.
  13          * You may use this file only in accordance with the license, terms, conditions, 
  14          * disclaimers, and limitations in the end user license agreement accompanying 
  15          * the software package with which this file was provided.
  16          *******************************************************************************/
  17          
  18          #include "PGA_1.h"
  19          
  20          static PGA_1_BACKUP_STRUCT  PGA_1_backup;
  21          
  22          
  23          /*******************************************************************************
  24          * Function Name: PGA_1_SaveConfig
  25          ********************************************************************************
  26          *
  27          * Summary:
  28          *  Save the current user register configuration.
  29          *
  30          * Parameters:
  31          *  void
  32          *
  33          * Return:
  34          *  void
  35          *
  36          *******************************************************************************/
  37          void PGA_1_SaveConfig(void) 
  38          {
  39   1          /* Nothing to save as registers are System reset on retention flops */
  40   1      }
  41          
  42          
  43          /*******************************************************************************  
  44          * Function Name: PGA_1_RestoreConfig
  45          ********************************************************************************
  46          *
  47          * Summary:
  48          *  Restore the register configurations.
  49          *
  50          * Parameters:
  51          *  void
  52          *
  53          * Return:
C51 COMPILER V9.51   PGA_1_PM                                                              05/22/2017 14:28:02 PAGE 2   

  54          *  void
  55          *
  56          *******************************************************************************/
  57          void PGA_1_RestoreConfig(void) 
  58          {
  59   1          /* Nothing to restore */
  60   1      }
  61          
  62          
  63          /*******************************************************************************   
  64          * Function Name: PGA_1_Sleep
  65          ********************************************************************************
  66          *
  67          * Summary:
  68          *  Disables block's operation and saves its configuration. Should be called 
  69          *  just prior to entering sleep.
  70          *
  71          * Parameters:
  72          *  None
  73          *
  74          * Return:
  75          *  None
  76          *
  77          * Global variables:
  78          *  PGA_1_backup: The structure field 'enableState' is modified 
  79          *  depending on the enable state of the block before entering to sleep mode.
  80          *
  81          *******************************************************************************/
  82          void PGA_1_Sleep(void) 
  83          {
  84   1          /* Save PGA enable state */
  85   1          if((PGA_1_PM_ACT_CFG_REG & PGA_1_ACT_PWR_EN) != 0u)
  86   1          {
  87   2              /* Component is enabled */
  88   2              PGA_1_backup.enableState = 1u;
  89   2              /* Stop the configuration */
  90   2              PGA_1_Stop();
  91   2          }
  92   1          else
  93   1          {
  94   2              /* Component is disabled */
  95   2              PGA_1_backup.enableState = 0u;
  96   2          }
  97   1          /* Save the configuration */
  98   1          PGA_1_SaveConfig();
  99   1      }
 100          
 101          
 102          /*******************************************************************************
 103          * Function Name: PGA_1_Wakeup
 104          ********************************************************************************
 105          *
 106          * Summary:
 107          *  Enables block's operation and restores its configuration. Should be called
 108          *  just after awaking from sleep.
 109          *
 110          * Parameters:
 111          *  None
 112          *
 113          * Return:
 114          *  void
 115          *
C51 COMPILER V9.51   PGA_1_PM                                                              05/22/2017 14:28:02 PAGE 3   

 116          * Global variables:
 117          *  PGA_1_backup: The structure field 'enableState' is used to 
 118          *  restore the enable state of block after wakeup from sleep mode.
 119          * 
 120          *******************************************************************************/
 121          void PGA_1_Wakeup(void) 
 122          {
 123   1          /* Restore the configurations */
 124   1          PGA_1_RestoreConfig();
 125   1           /* Enables the component operation */
 126   1          if(PGA_1_backup.enableState == 1u)
 127   1          {
 128   2              PGA_1_Enable();
 129   2          } /* Do nothing if component was disable before */
 130   1      }
 131          
 132          
 133          /* [] END OF FILE */


MODULE INFORMATION:   STATIC OVERLAYABLE
   CODE SIZE        =     44    ----
   CONSTANT SIZE    =   ----    ----
   XDATA SIZE       =      4    ----
   PDATA SIZE       =   ----    ----
   DATA SIZE        =   ----    ----
   IDATA SIZE       =   ----    ----
   BIT SIZE         =   ----    ----
   EDATA SIZE       =   ----    ----
   HDATA SIZE       =   ----    ----
   XDATA CONST SIZE =   ----    ----
   FAR CONST SIZE   =   ----    ----
END OF MODULE INFORMATION.


C51 COMPILATION COMPLETE.  0 WARNING(S),  0 ERROR(S)
