--------------- Rebuild Started: 07/27/2017 19:33:03 Project: SMControl_derinimui, Configuration: ARM GCC 5.4-2016-q2-update Debug ---------------
Deleting file ".\SMControl_derinimui.cycdx"
Deleting file ".\SMControl_derinimui.svd"
cydsfit.exe -.appdatapath "C:\Users\Alex\AppData\Local\Cypress Semiconductor\PSoC Creator\4.1" -.fdsnotice -.fdswarpdepfile=warp_dependencies.txt -.fdselabdepfile=elab_dependencies.txt -.fdsbldfile=generated_files.txt -.fdsreffile=referenced_files.txt -p "D:\Alex\sync\Dropbox\Projects\Ventmatika\Stepper\Stepper Control\software\Cypress\SMControl\SMControl_derinimui.cydsn\SMControl_derinimui.cyprj" -d CY8C4245AXI-483 -s "D:\Alex\sync\Dropbox\Projects\Ventmatika\Stepper\Stepper Control\software\Cypress\SMControl\SMControl_derinimui.cydsn\Generated_Source\PSoC4" -- -yv2 -q10 -ygs -o2 -v3 -.fftcfgtype=LE
Elaborating Design...
HDL Generation...
Synthesis...
Tech Mapping...
Info: plm.M0038: The pin named PWMDL(0) at location P3[7] prevents usage of special purposes: TCPWM[3].line_compl. (App=cydsfit)
Info: plm.M0038: The pin named PWMCL(0) at location P3[5] prevents usage of special purposes: TCPWM[2].line_compl. (App=cydsfit)
Info: plm.M0038: The pin named PWMCL(0) at location P3[5] prevents usage of special purposes: SCB[1].spi_ssel[2]. (App=cydsfit)
Info: plm.M0038: The pin named PWMDH(0) at location P3[6] prevents usage of special purposes: TCPWM[3].line. (App=cydsfit)
Info: plm.M0038: The pin named PWMDH(0) at location P3[6] prevents usage of special purposes: SCB[1].spi_ssel[3]. (App=cydsfit)
Info: plm.M0038: The pin named PWMCH(0) at location P3[4] prevents usage of special purposes: TCPWM[2].line. (App=cydsfit)
Info: plm.M0038: The pin named PWMCH(0) at location P3[4] prevents usage of special purposes: SCB[1].spi_ssel[1]. (App=cydsfit)
Info: plm.M0038: The pin named PWMBH(0) at location P0[2] prevents usage of special purposes: SCB[0].spi_ssel[3]. (App=cydsfit)
Info: plm.M0038: The pin named PWMAL(0) at location P0[1] prevents usage of special purposes: SCB[0].spi_ssel[2]. (App=cydsfit)
Info: plm.M0038: The pin named PWMAH(0) at location P0[0] prevents usage of special purposes: SCB[0].spi_ssel[1]. (App=cydsfit)
Analog Placement...
Analog Routing...
Analog Code Generation...
Digital Placement...
Digital Routing...
Bitstream Generation...
Bitstream Verification...
Static timing analysis...
API Generation...
Info: fit.M0045: Generation of disabled sheet defines resulted in name collisions or name changes due to a sheet name not being a valid C identifier. The following names were changed to avoid the collision(s)/illegal names: PWM&Commutation, PWM&Commutation_1, Page 1.
Dependency Generation...
Cleanup...
arm-none-eabi-gcc.exe -c user\src\main.c -o .\CortexM0\ARM_GCC_541\Debug\main.o -mcpu=cortex-m0 -mthumb -I.\freemodbus\modbus\include -I.\freemodbus\modbus\rtu -I.\freemodbus\port -I.\user\inc -I. -IGenerated_Source\PSoC4 -Wa,-alh=.\CortexM0\ARM_GCC_541\Debug/main.lst -g -D DEBUG -Wall -ffunction-sections -ffat-lto-objects -Og
arm-none-eabi-gcc.exe -c user\src\stepper.c -o .\CortexM0\ARM_GCC_541\Debug\stepper.o -mcpu=cortex-m0 -mthumb -I.\freemodbus\modbus\include -I.\freemodbus\modbus\rtu -I.\freemodbus\port -I.\user\inc -I. -IGenerated_Source\PSoC4 -Wa,-alh=.\CortexM0\ARM_GCC_541\Debug/stepper.lst -g -D DEBUG -Wall -ffunction-sections -ffat-lto-objects -Og
user\src\stepper.c: In function 'ScrollingHandler':
user\src\stepper.c:510:20: warning: unused variable 'scroll_sync_counter' [-Wunused-variable]
     static uint8_t scroll_sync_counter = 0u;
                    ^
user\src\stepper.c: At top level:
user\src\stepper.c:484:15: warning: 'CalcCoef' defined but not used [-Wunused-function]
 static double CalcCoef( double current ){
               ^
arm-none-eabi-gcc.exe -c user\src\systick.c -o .\CortexM0\ARM_GCC_541\Debug\systick.o -mcpu=cortex-m0 -mthumb -I.\freemodbus\modbus\include -I.\freemodbus\modbus\rtu -I.\freemodbus\port -I.\user\inc -I. -IGenerated_Source\PSoC4 -Wa,-alh=.\CortexM0\ARM_GCC_541\Debug/systick.lst -g -D DEBUG -Wall -ffunction-sections -ffat-lto-objects -Og
arm-none-eabi-gcc.exe -c user\src\uart.c -o .\CortexM0\ARM_GCC_541\Debug\uart.o -mcpu=cortex-m0 -mthumb -I.\freemodbus\modbus\include -I.\freemodbus\modbus\rtu -I.\freemodbus\port -I.\user\inc -I. -IGenerated_Source\PSoC4 -Wa,-alh=.\CortexM0\ARM_GCC_541\Debug/uart.lst -g -D DEBUG -Wall -ffunction-sections -ffat-lto-objects -Og
arm-none-eabi-gcc.exe -c user\src\user_mb_app.c -o .\CortexM0\ARM_GCC_541\Debug\user_mb_app.o -mcpu=cortex-m0 -mthumb -I.\freemodbus\modbus\include -I.\freemodbus\modbus\rtu -I.\freemodbus\port -I.\user\inc -I. -IGenerated_Source\PSoC4 -Wa,-alh=.\CortexM0\ARM_GCC_541\Debug/user_mb_app.lst -g -D DEBUG -Wall -ffunction-sections -ffat-lto-objects -Og
arm-none-eabi-gcc.exe -c freemodbus\modbus\mb.c -o .\CortexM0\ARM_GCC_541\Debug\mb.o -mcpu=cortex-m0 -mthumb -I.\freemodbus\modbus\include -I.\freemodbus\modbus\rtu -I.\freemodbus\port -I.\user\inc -I. -IGenerated_Source\PSoC4 -Wa,-alh=.\CortexM0\ARM_GCC_541\Debug/mb.lst -g -D DEBUG -Wall -ffunction-sections -ffat-lto-objects -Og
arm-none-eabi-gcc.exe -c freemodbus\modbus\rtu\mbcrc.c -o .\CortexM0\ARM_GCC_541\Debug\mbcrc.o -mcpu=cortex-m0 -mthumb -I.\freemodbus\modbus\include -I.\freemodbus\modbus\rtu -I.\freemodbus\port -I.\user\inc -I. -IGenerated_Source\PSoC4 -Wa,-alh=.\CortexM0\ARM_GCC_541\Debug/mbcrc.lst -g -D DEBUG -Wall -ffunction-sections -ffat-lto-objects -Og
arm-none-eabi-gcc.exe -c freemodbus\modbus\rtu\mbrtu.c -o .\CortexM0\ARM_GCC_541\Debug\mbrtu.o -mcpu=cortex-m0 -mthumb -I.\freemodbus\modbus\include -I.\freemodbus\modbus\rtu -I.\freemodbus\port -I.\user\inc -I. -IGenerated_Source\PSoC4 -Wa,-alh=.\CortexM0\ARM_GCC_541\Debug/mbrtu.lst -g -D DEBUG -Wall -ffunction-sections -ffat-lto-objects -Og
arm-none-eabi-gcc.exe -c freemodbus\modbus\functions\mbfunccoils.c -o .\CortexM0\ARM_GCC_541\Debug\mbfunccoils.o -mcpu=cortex-m0 -mthumb -I.\freemodbus\modbus\include -I.\freemodbus\modbus\rtu -I.\freemodbus\port -I.\user\inc -I. -IGenerated_Source\PSoC4 -Wa,-alh=.\CortexM0\ARM_GCC_541\Debug/mbfunccoils.lst -g -D DEBUG -Wall -ffunction-sections -ffat-lto-objects -Og
arm-none-eabi-gcc.exe -c freemodbus\modbus\functions\mbfuncdiag.c -o .\CortexM0\ARM_GCC_541\Debug\mbfuncdiag.o -mcpu=cortex-m0 -mthumb -I.\freemodbus\modbus\include -I.\freemodbus\modbus\rtu -I.\freemodbus\port -I.\user\inc -I. -IGenerated_Source\PSoC4 -Wa,-alh=.\CortexM0\ARM_GCC_541\Debug/mbfuncdiag.lst -g -D DEBUG -Wall -ffunction-sections -ffat-lto-objects -Og
arm-none-eabi-gcc.exe -c freemodbus\modbus\functions\mbfuncdisc.c -o .\CortexM0\ARM_GCC_541\Debug\mbfuncdisc.o -mcpu=cortex-m0 -mthumb -I.\freemodbus\modbus\include -I.\freemodbus\modbus\rtu -I.\freemodbus\port -I.\user\inc -I. -IGenerated_Source\PSoC4 -Wa,-alh=.\CortexM0\ARM_GCC_541\Debug/mbfuncdisc.lst -g -D DEBUG -Wall -ffunction-sections -ffat-lto-objects -Og
arm-none-eabi-gcc.exe -c freemodbus\modbus\functions\mbfuncholding.c -o .\CortexM0\ARM_GCC_541\Debug\mbfuncholding.o -mcpu=cortex-m0 -mthumb -I.\freemodbus\modbus\include -I.\freemodbus\modbus\rtu -I.\freemodbus\port -I.\user\inc -I. -IGenerated_Source\PSoC4 -Wa,-alh=.\CortexM0\ARM_GCC_541\Debug/mbfuncholding.lst -g -D DEBUG -Wall -ffunction-sections -ffat-lto-objects -Og
arm-none-eabi-gcc.exe -c freemodbus\modbus\functions\mbfuncinput.c -o .\CortexM0\ARM_GCC_541\Debug\mbfuncinput.o -mcpu=cortex-m0 -mthumb -I.\freemodbus\modbus\include -I.\freemodbus\modbus\rtu -I.\freemodbus\port -I.\user\inc -I. -IGenerated_Source\PSoC4 -Wa,-alh=.\CortexM0\ARM_GCC_541\Debug/mbfuncinput.lst -g -D DEBUG -Wall -ffunction-sections -ffat-lto-objects -Og
arm-none-eabi-gcc.exe -c freemodbus\modbus\functions\mbfuncother.c -o .\CortexM0\ARM_GCC_541\Debug\mbfuncother.o -mcpu=cortex-m0 -mthumb -I.\freemodbus\modbus\include -I.\freemodbus\modbus\rtu -I.\freemodbus\port -I.\user\inc -I. -IGenerated_Source\PSoC4 -Wa,-alh=.\CortexM0\ARM_GCC_541\Debug/mbfuncother.lst -g -D DEBUG -Wall -ffunction-sections -ffat-lto-objects -Og
arm-none-eabi-gcc.exe -c freemodbus\modbus\functions\mbutils.c -o .\CortexM0\ARM_GCC_541\Debug\mbutils.o -mcpu=cortex-m0 -mthumb -I.\freemodbus\modbus\include -I.\freemodbus\modbus\rtu -I.\freemodbus\port -I.\user\inc -I. -IGenerated_Source\PSoC4 -Wa,-alh=.\CortexM0\ARM_GCC_541\Debug/mbutils.lst -g -D DEBUG -Wall -ffunction-sections -ffat-lto-objects -Og
arm-none-eabi-gcc.exe -c freemodbus\port\port.c -o .\CortexM0\ARM_GCC_541\Debug\port.o -mcpu=cortex-m0 -mthumb -I.\freemodbus\modbus\include -I.\freemodbus\modbus\rtu -I.\freemodbus\port -I.\user\inc -I. -IGenerated_Source\PSoC4 -Wa,-alh=.\CortexM0\ARM_GCC_541\Debug/port.lst -g -D DEBUG -Wall -ffunction-sections -ffat-lto-objects -Og
arm-none-eabi-gcc.exe -c freemodbus\port\portevent.c -o .\CortexM0\ARM_GCC_541\Debug\portevent.o -mcpu=cortex-m0 -mthumb -I.\freemodbus\modbus\include -I.\freemodbus\modbus\rtu -I.\freemodbus\port -I.\user\inc -I. -IGenerated_Source\PSoC4 -Wa,-alh=.\CortexM0\ARM_GCC_541\Debug/portevent.lst -g -D DEBUG -Wall -ffunction-sections -ffat-lto-objects -Og
arm-none-eabi-gcc.exe -c freemodbus\port\portserial.c -o .\CortexM0\ARM_GCC_541\Debug\portserial.o -mcpu=cortex-m0 -mthumb -I.\freemodbus\modbus\include -I.\freemodbus\modbus\rtu -I.\freemodbus\port -I.\user\inc -I. -IGenerated_Source\PSoC4 -Wa,-alh=.\CortexM0\ARM_GCC_541\Debug/portserial.lst -g -D DEBUG -Wall -ffunction-sections -ffat-lto-objects -Og
arm-none-eabi-gcc.exe -c freemodbus\port\porttimer.c -o .\CortexM0\ARM_GCC_541\Debug\porttimer.o -mcpu=cortex-m0 -mthumb -I.\freemodbus\modbus\include -I.\freemodbus\modbus\rtu -I.\freemodbus\port -I.\user\inc -I. -IGenerated_Source\PSoC4 -Wa,-alh=.\CortexM0\ARM_GCC_541\Debug/porttimer.lst -g -D DEBUG -Wall -ffunction-sections -ffat-lto-objects -Og
arm-none-eabi-gcc.exe -c Generated_Source\PSoC4\cyfitter_cfg.c -o .\CortexM0\ARM_GCC_541\Debug\cyfitter_cfg.o -mcpu=cortex-m0 -mthumb -I.\freemodbus\modbus\include -I.\freemodbus\modbus\rtu -I.\freemodbus\port -I.\user\inc -I. -IGenerated_Source\PSoC4 -Wa,-alh=.\CortexM0\ARM_GCC_541\Debug/cyfitter_cfg.lst -g -D DEBUG -Wall -ffunction-sections -ffat-lto-objects -Og
arm-none-eabi-gcc.exe -c Generated_Source\PSoC4\cymetadata.c -o .\CortexM0\ARM_GCC_541\Debug\cymetadata.o -mcpu=cortex-m0 -mthumb -I.\freemodbus\modbus\include -I.\freemodbus\modbus\rtu -I.\freemodbus\port -I.\user\inc -I. -IGenerated_Source\PSoC4 -Wa,-alh=.\CortexM0\ARM_GCC_541\Debug/cymetadata.lst -g -D DEBUG -Wall -ffunction-sections -ffat-lto-objects -Og
arm-none-eabi-gcc.exe -c Generated_Source\PSoC4\CyuStep_Clk.c -o .\CortexM0\ARM_GCC_541\Debug\CyuStep_Clk.o -mcpu=cortex-m0 -mthumb -I.\freemodbus\modbus\include -I.\freemodbus\modbus\rtu -I.\freemodbus\port -I.\user\inc -I. -IGenerated_Source\PSoC4 -Wa,-alh=.\CortexM0\ARM_GCC_541\Debug/CyuStep_Clk.lst -g -D DEBUG -Wall -ffunction-sections -ffat-lto-objects -Og
arm-none-eabi-gcc.exe -c Generated_Source\PSoC4\PWMBL.c -o .\CortexM0\ARM_GCC_541\Debug\PWMBL.o -mcpu=cortex-m0 -mthumb -I.\freemodbus\modbus\include -I.\freemodbus\modbus\rtu -I.\freemodbus\port -I.\user\inc -I. -IGenerated_Source\PSoC4 -Wa,-alh=.\CortexM0\ARM_GCC_541\Debug/PWMBL.lst -g -D DEBUG -Wall -ffunction-sections -ffat-lto-objects -Og
arm-none-eabi-gcc.exe -c Generated_Source\PSoC4\PWMBL_PM.c -o .\CortexM0\ARM_GCC_541\Debug\PWMBL_PM.o -mcpu=cortex-m0 -mthumb -I.\freemodbus\modbus\include -I.\freemodbus\modbus\rtu -I.\freemodbus\port -I.\user\inc -I. -IGenerated_Source\PSoC4 -Wa,-alh=.\CortexM0\ARM_GCC_541\Debug/PWMBL_PM.lst -g -D DEBUG -Wall -ffunction-sections -ffat-lto-objects -Og
arm-none-eabi-gcc.exe -c Generated_Source\PSoC4\IDAC_B.c -o .\CortexM0\ARM_GCC_541\Debug\IDAC_B.o -mcpu=cortex-m0 -mthumb -I.\freemodbus\modbus\include -I.\freemodbus\modbus\rtu -I.\freemodbus\port -I.\user\inc -I. -IGenerated_Source\PSoC4 -Wa,-alh=.\CortexM0\ARM_GCC_541\Debug/IDAC_B.lst -g -D DEBUG -Wall -ffunction-sections -ffat-lto-objects -Og
arm-none-eabi-gcc.exe -c Generated_Source\PSoC4\IDAC_B_PM.c -o .\CortexM0\ARM_GCC_541\Debug\IDAC_B_PM.o -mcpu=cortex-m0 -mthumb -I.\freemodbus\modbus\include -I.\freemodbus\modbus\rtu -I.\freemodbus\port -I.\user\inc -I. -IGenerated_Source\PSoC4 -Wa,-alh=.\CortexM0\ARM_GCC_541\Debug/IDAC_B_PM.lst -g -D DEBUG -Wall -ffunction-sections -ffat-lto-objects -Og
arm-none-eabi-gcc.exe -c Generated_Source\PSoC4\IDAC_A.c -o .\CortexM0\ARM_GCC_541\Debug\IDAC_A.o -mcpu=cortex-m0 -mthumb -I.\freemodbus\modbus\include -I.\freemodbus\modbus\rtu -I.\freemodbus\port -I.\user\inc -I. -IGenerated_Source\PSoC4 -Wa,-alh=.\CortexM0\ARM_GCC_541\Debug/IDAC_A.lst -g -D DEBUG -Wall -ffunction-sections -ffat-lto-objects -Og
arm-none-eabi-gcc.exe -c Generated_Source\PSoC4\IDAC_A_PM.c -o .\CortexM0\ARM_GCC_541\Debug\IDAC_A_PM.o -mcpu=cortex-m0 -mthumb -I.\freemodbus\modbus\include -I.\freemodbus\modbus\rtu -I.\freemodbus\port -I.\user\inc -I. -IGenerated_Source\PSoC4 -Wa,-alh=.\CortexM0\ARM_GCC_541\Debug/IDAC_A_PM.lst -g -D DEBUG -Wall -ffunction-sections -ffat-lto-objects -Og
arm-none-eabi-gcc.exe -c Generated_Source\PSoC4\Opamp_B.c -o .\CortexM0\ARM_GCC_541\Debug\Opamp_B.o -mcpu=cortex-m0 -mthumb -I.\freemodbus\modbus\include -I.\freemodbus\modbus\rtu -I.\freemodbus\port -I.\user\inc -I. -IGenerated_Source\PSoC4 -Wa,-alh=.\CortexM0\ARM_GCC_541\Debug/Opamp_B.lst -g -D DEBUG -Wall -ffunction-sections -ffat-lto-objects -Og
arm-none-eabi-gcc.exe -c Generated_Source\PSoC4\Opamp_B_PM.c -o .\CortexM0\ARM_GCC_541\Debug\Opamp_B_PM.o -mcpu=cortex-m0 -mthumb -I.\freemodbus\modbus\include -I.\freemodbus\modbus\rtu -I.\freemodbus\port -I.\user\inc -I. -IGenerated_Source\PSoC4 -Wa,-alh=.\CortexM0\ARM_GCC_541\Debug/Opamp_B_PM.lst -g -D DEBUG -Wall -ffunction-sections -ffat-lto-objects -Og
arm-none-eabi-gcc.exe -c Generated_Source\PSoC4\Opamp_A.c -o .\CortexM0\ARM_GCC_541\Debug\Opamp_A.o -mcpu=cortex-m0 -mthumb -I.\freemodbus\modbus\include -I.\freemodbus\modbus\rtu -I.\freemodbus\port -I.\user\inc -I. -IGenerated_Source\PSoC4 -Wa,-alh=.\CortexM0\ARM_GCC_541\Debug/Opamp_A.lst -g -D DEBUG -Wall -ffunction-sections -ffat-lto-objects -Og
arm-none-eabi-gcc.exe -c Generated_Source\PSoC4\Opamp_A_PM.c -o .\CortexM0\ARM_GCC_541\Debug\Opamp_A_PM.o -mcpu=cortex-m0 -mthumb -I.\freemodbus\modbus\include -I.\freemodbus\modbus\rtu -I.\freemodbus\port -I.\user\inc -I. -IGenerated_Source\PSoC4 -Wa,-alh=.\CortexM0\ARM_GCC_541\Debug/Opamp_A_PM.lst -g -D DEBUG -Wall -ffunction-sections -ffat-lto-objects -Og
arm-none-eabi-gcc.exe -c Generated_Source\PSoC4\IAP.c -o .\CortexM0\ARM_GCC_541\Debug\IAP.o -mcpu=cortex-m0 -mthumb -I.\freemodbus\modbus\include -I.\freemodbus\modbus\rtu -I.\freemodbus\port -I.\user\inc -I. -IGenerated_Source\PSoC4 -Wa,-alh=.\CortexM0\ARM_GCC_541\Debug/IAP.lst -g -D DEBUG -Wall -ffunction-sections -ffat-lto-objects -Og
arm-none-eabi-gcc.exe -c Generated_Source\PSoC4\IAP_PM.c -o .\CortexM0\ARM_GCC_541\Debug\IAP_PM.o -mcpu=cortex-m0 -mthumb -I.\freemodbus\modbus\include -I.\freemodbus\modbus\rtu -I.\freemodbus\port -I.\user\inc -I. -IGenerated_Source\PSoC4 -Wa,-alh=.\CortexM0\ARM_GCC_541\Debug/IAP_PM.lst -g -D DEBUG -Wall -ffunction-sections -ffat-lto-objects -Og
arm-none-eabi-gcc.exe -c Generated_Source\PSoC4\IAREF.c -o .\CortexM0\ARM_GCC_541\Debug\IAREF.o -mcpu=cortex-m0 -mthumb -I.\freemodbus\modbus\include -I.\freemodbus\modbus\rtu -I.\freemodbus\port -I.\user\inc -I. -IGenerated_Source\PSoC4 -Wa,-alh=.\CortexM0\ARM_GCC_541\Debug/IAREF.lst -g -D DEBUG -Wall -ffunction-sections -ffat-lto-objects -Og
arm-none-eabi-gcc.exe -c Generated_Source\PSoC4\IAREF_PM.c -o .\CortexM0\ARM_GCC_541\Debug\IAREF_PM.o -mcpu=cortex-m0 -mthumb -I.\freemodbus\modbus\include -I.\freemodbus\modbus\rtu -I.\freemodbus\port -I.\user\inc -I. -IGenerated_Source\PSoC4 -Wa,-alh=.\CortexM0\ARM_GCC_541\Debug/IAREF_PM.lst -g -D DEBUG -Wall -ffunction-sections -ffat-lto-objects -Og
arm-none-eabi-gcc.exe -c Generated_Source\PSoC4\IBP.c -o .\CortexM0\ARM_GCC_541\Debug\IBP.o -mcpu=cortex-m0 -mthumb -I.\freemodbus\modbus\include -I.\freemodbus\modbus\rtu -I.\freemodbus\port -I.\user\inc -I. -IGenerated_Source\PSoC4 -Wa,-alh=.\CortexM0\ARM_GCC_541\Debug/IBP.lst -g -D DEBUG -Wall -ffunction-sections -ffat-lto-objects -Og
arm-none-eabi-gcc.exe -c Generated_Source\PSoC4\IBP_PM.c -o .\CortexM0\ARM_GCC_541\Debug\IBP_PM.o -mcpu=cortex-m0 -mthumb -I.\freemodbus\modbus\include -I.\freemodbus\modbus\rtu -I.\freemodbus\port -I.\user\inc -I. -IGenerated_Source\PSoC4 -Wa,-alh=.\CortexM0\ARM_GCC_541\Debug/IBP_PM.lst -g -D DEBUG -Wall -ffunction-sections -ffat-lto-objects -Og
arm-none-eabi-gcc.exe -c Generated_Source\PSoC4\IBREF.c -o .\CortexM0\ARM_GCC_541\Debug\IBREF.o -mcpu=cortex-m0 -mthumb -I.\freemodbus\modbus\include -I.\freemodbus\modbus\rtu -I.\freemodbus\port -I.\user\inc -I. -IGenerated_Source\PSoC4 -Wa,-alh=.\CortexM0\ARM_GCC_541\Debug/IBREF.lst -g -D DEBUG -Wall -ffunction-sections -ffat-lto-objects -Og
arm-none-eabi-gcc.exe -c Generated_Source\PSoC4\IBREF_PM.c -o .\CortexM0\ARM_GCC_541\Debug\IBREF_PM.o -mcpu=cortex-m0 -mthumb -I.\freemodbus\modbus\include -I.\freemodbus\modbus\rtu -I.\freemodbus\port -I.\user\inc -I. -IGenerated_Source\PSoC4 -Wa,-alh=.\CortexM0\ARM_GCC_541\Debug/IBREF_PM.lst -g -D DEBUG -Wall -ffunction-sections -ffat-lto-objects -Og
arm-none-eabi-gcc.exe -c Generated_Source\PSoC4\IAN.c -o .\CortexM0\ARM_GCC_541\Debug\IAN.o -mcpu=cortex-m0 -mthumb -I.\freemodbus\modbus\include -I.\freemodbus\modbus\rtu -I.\freemodbus\port -I.\user\inc -I. -IGenerated_Source\PSoC4 -Wa,-alh=.\CortexM0\ARM_GCC_541\Debug/IAN.lst -g -D DEBUG -Wall -ffunction-sections -ffat-lto-objects -Og
arm-none-eabi-gcc.exe -c Generated_Source\PSoC4\IAN_PM.c -o .\CortexM0\ARM_GCC_541\Debug\IAN_PM.o -mcpu=cortex-m0 -mthumb -I.\freemodbus\modbus\include -I.\freemodbus\modbus\rtu -I.\freemodbus\port -I.\user\inc -I. -IGenerated_Source\PSoC4 -Wa,-alh=.\CortexM0\ARM_GCC_541\Debug/IAN_PM.lst -g -D DEBUG -Wall -ffunction-sections -ffat-lto-objects -Og
arm-none-eabi-gcc.exe -c Generated_Source\PSoC4\IAO.c -o .\CortexM0\ARM_GCC_541\Debug\IAO.o -mcpu=cortex-m0 -mthumb -I.\freemodbus\modbus\include -I.\freemodbus\modbus\rtu -I.\freemodbus\port -I.\user\inc -I. -IGenerated_Source\PSoC4 -Wa,-alh=.\CortexM0\ARM_GCC_541\Debug/IAO.lst -g -D DEBUG -Wall -ffunction-sections -ffat-lto-objects -Og
arm-none-eabi-gcc.exe -c Generated_Source\PSoC4\IAO_PM.c -o .\CortexM0\ARM_GCC_541\Debug\IAO_PM.o -mcpu=cortex-m0 -mthumb -I.\freemodbus\modbus\include -I.\freemodbus\modbus\rtu -I.\freemodbus\port -I.\user\inc -I. -IGenerated_Source\PSoC4 -Wa,-alh=.\CortexM0\ARM_GCC_541\Debug/IAO_PM.lst -g -D DEBUG -Wall -ffunction-sections -ffat-lto-objects -Og
arm-none-eabi-gcc.exe -c Generated_Source\PSoC4\IBN.c -o .\CortexM0\ARM_GCC_541\Debug\IBN.o -mcpu=cortex-m0 -mthumb -I.\freemodbus\modbus\include -I.\freemodbus\modbus\rtu -I.\freemodbus\port -I.\user\inc -I. -IGenerated_Source\PSoC4 -Wa,-alh=.\CortexM0\ARM_GCC_541\Debug/IBN.lst -g -D DEBUG -Wall -ffunction-sections -ffat-lto-objects -Og
arm-none-eabi-gcc.exe -c Generated_Source\PSoC4\IBN_PM.c -o .\CortexM0\ARM_GCC_541\Debug\IBN_PM.o -mcpu=cortex-m0 -mthumb -I.\freemodbus\modbus\include -I.\freemodbus\modbus\rtu -I.\freemodbus\port -I.\user\inc -I. -IGenerated_Source\PSoC4 -Wa,-alh=.\CortexM0\ARM_GCC_541\Debug/IBN_PM.lst -g -D DEBUG -Wall -ffunction-sections -ffat-lto-objects -Og
arm-none-eabi-gcc.exe -c Generated_Source\PSoC4\IBO.c -o .\CortexM0\ARM_GCC_541\Debug\IBO.o -mcpu=cortex-m0 -mthumb -I.\freemodbus\modbus\include -I.\freemodbus\modbus\rtu -I.\freemodbus\port -I.\user\inc -I. -IGenerated_Source\PSoC4 -Wa,-alh=.\CortexM0\ARM_GCC_541\Debug/IBO.lst -g -D DEBUG -Wall -ffunction-sections -ffat-lto-objects -Og
arm-none-eabi-gcc.exe -c Generated_Source\PSoC4\IBO_PM.c -o .\CortexM0\ARM_GCC_541\Debug\IBO_PM.o -mcpu=cortex-m0 -mthumb -I.\freemodbus\modbus\include -I.\freemodbus\modbus\rtu -I.\freemodbus\port -I.\user\inc -I. -IGenerated_Source\PSoC4 -Wa,-alh=.\CortexM0\ARM_GCC_541\Debug/IBO_PM.lst -g -D DEBUG -Wall -ffunction-sections -ffat-lto-objects -Og
arm-none-eabi-gcc.exe -c Generated_Source\PSoC4\SPI_Latch.c -o .\CortexM0\ARM_GCC_541\Debug\SPI_Latch.o -mcpu=cortex-m0 -mthumb -I.\freemodbus\modbus\include -I.\freemodbus\modbus\rtu -I.\freemodbus\port -I.\user\inc -I. -IGenerated_Source\PSoC4 -Wa,-alh=.\CortexM0\ARM_GCC_541\Debug/SPI_Latch.lst -g -D DEBUG -Wall -ffunction-sections -ffat-lto-objects -Og
arm-none-eabi-gcc.exe -c Generated_Source\PSoC4\SPI_Latch_PM.c -o .\CortexM0\ARM_GCC_541\Debug\SPI_Latch_PM.o -mcpu=cortex-m0 -mthumb -I.\freemodbus\modbus\include -I.\freemodbus\modbus\rtu -I.\freemodbus\port -I.\user\inc -I. -IGenerated_Source\PSoC4 -Wa,-alh=.\CortexM0\ARM_GCC_541\Debug/SPI_Latch_PM.lst -g -D DEBUG -Wall -ffunction-sections -ffat-lto-objects -Og
arm-none-eabi-gcc.exe -c Generated_Source\PSoC4\SPI.c -o .\CortexM0\ARM_GCC_541\Debug\SPI.o -mcpu=cortex-m0 -mthumb -I.\freemodbus\modbus\include -I.\freemodbus\modbus\rtu -I.\freemodbus\port -I.\user\inc -I. -IGenerated_Source\PSoC4 -Wa,-alh=.\CortexM0\ARM_GCC_541\Debug/SPI.lst -g -D DEBUG -Wall -ffunction-sections -ffat-lto-objects -Og
arm-none-eabi-gcc.exe -c Generated_Source\PSoC4\SPI_SPI_UART.c -o .\CortexM0\ARM_GCC_541\Debug\SPI_SPI_UART.o -mcpu=cortex-m0 -mthumb -I.\freemodbus\modbus\include -I.\freemodbus\modbus\rtu -I.\freemodbus\port -I.\user\inc -I. -IGenerated_Source\PSoC4 -Wa,-alh=.\CortexM0\ARM_GCC_541\Debug/SPI_SPI_UART.lst -g -D DEBUG -Wall -ffunction-sections -ffat-lto-objects -Og
arm-none-eabi-gcc.exe -c Generated_Source\PSoC4\SPI_PM.c -o .\CortexM0\ARM_GCC_541\Debug\SPI_PM.o -mcpu=cortex-m0 -mthumb -I.\freemodbus\modbus\include -I.\freemodbus\modbus\rtu -I.\freemodbus\port -I.\user\inc -I. -IGenerated_Source\PSoC4 -Wa,-alh=.\CortexM0\ARM_GCC_541\Debug/SPI_PM.lst -g -D DEBUG -Wall -ffunction-sections -ffat-lto-objects -Og
arm-none-eabi-gcc.exe -c Generated_Source\PSoC4\SPI_SPI.c -o .\CortexM0\ARM_GCC_541\Debug\SPI_SPI.o -mcpu=cortex-m0 -mthumb -I.\freemodbus\modbus\include -I.\freemodbus\modbus\rtu -I.\freemodbus\port -I.\user\inc -I. -IGenerated_Source\PSoC4 -Wa,-alh=.\CortexM0\ARM_GCC_541\Debug/SPI_SPI.lst -g -D DEBUG -Wall -ffunction-sections -ffat-lto-objects -Og
arm-none-eabi-gcc.exe -c Generated_Source\PSoC4\SPI_BOOT.c -o .\CortexM0\ARM_GCC_541\Debug\SPI_BOOT.o -mcpu=cortex-m0 -mthumb -I.\freemodbus\modbus\include -I.\freemodbus\modbus\rtu -I.\freemodbus\port -I.\user\inc -I. -IGenerated_Source\PSoC4 -Wa,-alh=.\CortexM0\ARM_GCC_541\Debug/SPI_BOOT.lst -g -D DEBUG -Wall -ffunction-sections -ffat-lto-objects -Og
arm-none-eabi-gcc.exe -c Generated_Source\PSoC4\SPI_SPI_BOOT.c -o .\CortexM0\ARM_GCC_541\Debug\SPI_SPI_BOOT.o -mcpu=cortex-m0 -mthumb -I.\freemodbus\modbus\include -I.\freemodbus\modbus\rtu -I.\freemodbus\port -I.\user\inc -I. -IGenerated_Source\PSoC4 -Wa,-alh=.\CortexM0\ARM_GCC_541\Debug/SPI_SPI_BOOT.lst -g -D DEBUG -Wall -ffunction-sections -ffat-lto-objects -Og
arm-none-eabi-gcc.exe -c Generated_Source\PSoC4\SCB.c -o .\CortexM0\ARM_GCC_541\Debug\SCB.o -mcpu=cortex-m0 -mthumb -I.\freemodbus\modbus\include -I.\freemodbus\modbus\rtu -I.\freemodbus\port -I.\user\inc -I. -IGenerated_Source\PSoC4 -Wa,-alh=.\CortexM0\ARM_GCC_541\Debug/SCB.lst -g -D DEBUG -Wall -ffunction-sections -ffat-lto-objects -Og
arm-none-eabi-gcc.exe -c Generated_Source\PSoC4\SCB_I2C_INT.c -o .\CortexM0\ARM_GCC_541\Debug\SCB_I2C_INT.o -mcpu=cortex-m0 -mthumb -I.\freemodbus\modbus\include -I.\freemodbus\modbus\rtu -I.\freemodbus\port -I.\user\inc -I. -IGenerated_Source\PSoC4 -Wa,-alh=.\CortexM0\ARM_GCC_541\Debug/SCB_I2C_INT.lst -g -D DEBUG -Wall -ffunction-sections -ffat-lto-objects -Og
arm-none-eabi-gcc.exe -c Generated_Source\PSoC4\SCB_I2C.c -o .\CortexM0\ARM_GCC_541\Debug\SCB_I2C.o -mcpu=cortex-m0 -mthumb -I.\freemodbus\modbus\include -I.\freemodbus\modbus\rtu -I.\freemodbus\port -I.\user\inc -I. -IGenerated_Source\PSoC4 -Wa,-alh=.\CortexM0\ARM_GCC_541\Debug/SCB_I2C.lst -g -D DEBUG -Wall -ffunction-sections -ffat-lto-objects -Og
arm-none-eabi-gcc.exe -c Generated_Source\PSoC4\SCB_I2C_BOOT.c -o .\CortexM0\ARM_GCC_541\Debug\SCB_I2C_BOOT.o -mcpu=cortex-m0 -mthumb -I.\freemodbus\modbus\include -I.\freemodbus\modbus\rtu -I.\freemodbus\port -I.\user\inc -I. -IGenerated_Source\PSoC4 -Wa,-alh=.\CortexM0\ARM_GCC_541\Debug/SCB_I2C_BOOT.lst -g -D DEBUG -Wall -ffunction-sections -ffat-lto-objects -Og
arm-none-eabi-gcc.exe -c Generated_Source\PSoC4\SCB_SPI_UART.c -o .\CortexM0\ARM_GCC_541\Debug\SCB_SPI_UART.o -mcpu=cortex-m0 -mthumb -I.\freemodbus\modbus\include -I.\freemodbus\modbus\rtu -I.\freemodbus\port -I.\user\inc -I. -IGenerated_Source\PSoC4 -Wa,-alh=.\CortexM0\ARM_GCC_541\Debug/SCB_SPI_UART.lst -g -D DEBUG -Wall -ffunction-sections -ffat-lto-objects -Og
arm-none-eabi-gcc.exe -c Generated_Source\PSoC4\SCB_SPI_UART_INT.c -o .\CortexM0\ARM_GCC_541\Debug\SCB_SPI_UART_INT.o -mcpu=cortex-m0 -mthumb -I.\freemodbus\modbus\include -I.\freemodbus\modbus\rtu -I.\freemodbus\port -I.\user\inc -I. -IGenerated_Source\PSoC4 -Wa,-alh=.\CortexM0\ARM_GCC_541\Debug/SCB_SPI_UART_INT.lst -g -D DEBUG -Wall -ffunction-sections -ffat-lto-objects -Og
arm-none-eabi-gcc.exe -c Generated_Source\PSoC4\SCB_I2C_MASTER.c -o .\CortexM0\ARM_GCC_541\Debug\SCB_I2C_MASTER.o -mcpu=cortex-m0 -mthumb -I.\freemodbus\modbus\include -I.\freemodbus\modbus\rtu -I.\freemodbus\port -I.\user\inc -I. -IGenerated_Source\PSoC4 -Wa,-alh=.\CortexM0\ARM_GCC_541\Debug/SCB_I2C_MASTER.lst -g -D DEBUG -Wall -ffunction-sections -ffat-lto-objects -Og
arm-none-eabi-gcc.exe -c Generated_Source\PSoC4\SCB_I2C_SLAVE.c -o .\CortexM0\ARM_GCC_541\Debug\SCB_I2C_SLAVE.o -mcpu=cortex-m0 -mthumb -I.\freemodbus\modbus\include -I.\freemodbus\modbus\rtu -I.\freemodbus\port -I.\user\inc -I. -IGenerated_Source\PSoC4 -Wa,-alh=.\CortexM0\ARM_GCC_541\Debug/SCB_I2C_SLAVE.lst -g -D DEBUG -Wall -ffunction-sections -ffat-lto-objects -Og
arm-none-eabi-gcc.exe -c Generated_Source\PSoC4\SCB_PM.c -o .\CortexM0\ARM_GCC_541\Debug\SCB_PM.o -mcpu=cortex-m0 -mthumb -I.\freemodbus\modbus\include -I.\freemodbus\modbus\rtu -I.\freemodbus\port -I.\user\inc -I. -IGenerated_Source\PSoC4 -Wa,-alh=.\CortexM0\ARM_GCC_541\Debug/SCB_PM.lst -g -D DEBUG -Wall -ffunction-sections -ffat-lto-objects -Og
arm-none-eabi-gcc.exe -c Generated_Source\PSoC4\SCB_SPI.c -o .\CortexM0\ARM_GCC_541\Debug\SCB_SPI.o -mcpu=cortex-m0 -mthumb -I.\freemodbus\modbus\include -I.\freemodbus\modbus\rtu -I.\freemodbus\port -I.\user\inc -I. -IGenerated_Source\PSoC4 -Wa,-alh=.\CortexM0\ARM_GCC_541\Debug/SCB_SPI.lst -g -D DEBUG -Wall -ffunction-sections -ffat-lto-objects -Og
arm-none-eabi-gcc.exe -c Generated_Source\PSoC4\SCB_UART.c -o .\CortexM0\ARM_GCC_541\Debug\SCB_UART.o -mcpu=cortex-m0 -mthumb -I.\freemodbus\modbus\include -I.\freemodbus\modbus\rtu -I.\freemodbus\port -I.\user\inc -I. -IGenerated_Source\PSoC4 -Wa,-alh=.\CortexM0\ARM_GCC_541\Debug/SCB_UART.lst -g -D DEBUG -Wall -ffunction-sections -ffat-lto-objects -Og
arm-none-eabi-gcc.exe -c Generated_Source\PSoC4\SCB_BOOT.c -o .\CortexM0\ARM_GCC_541\Debug\SCB_BOOT.o -mcpu=cortex-m0 -mthumb -I.\freemodbus\modbus\include -I.\freemodbus\modbus\rtu -I.\freemodbus\port -I.\user\inc -I. -IGenerated_Source\PSoC4 -Wa,-alh=.\CortexM0\ARM_GCC_541\Debug/SCB_BOOT.lst -g -D DEBUG -Wall -ffunction-sections -ffat-lto-objects -Og
arm-none-eabi-gcc.exe -c Generated_Source\PSoC4\SCB_SPI_BOOT.c -o .\CortexM0\ARM_GCC_541\Debug\SCB_SPI_BOOT.o -mcpu=cortex-m0 -mthumb -I.\freemodbus\modbus\include -I.\freemodbus\modbus\rtu -I.\freemodbus\port -I.\user\inc -I. -IGenerated_Source\PSoC4 -Wa,-alh=.\CortexM0\ARM_GCC_541\Debug/SCB_SPI_BOOT.lst -g -D DEBUG -Wall -ffunction-sections -ffat-lto-objects -Og
arm-none-eabi-gcc.exe -c Generated_Source\PSoC4\SCB_UART_BOOT.c -o .\CortexM0\ARM_GCC_541\Debug\SCB_UART_BOOT.o -mcpu=cortex-m0 -mthumb -I.\freemodbus\modbus\include -I.\freemodbus\modbus\rtu -I.\freemodbus\port -I.\user\inc -I. -IGenerated_Source\PSoC4 -Wa,-alh=.\CortexM0\ARM_GCC_541\Debug/SCB_UART_BOOT.lst -g -D DEBUG -Wall -ffunction-sections -ffat-lto-objects -Og
arm-none-eabi-gcc.exe -c Generated_Source\PSoC4\SCB_EZI2C.c -o .\CortexM0\ARM_GCC_541\Debug\SCB_EZI2C.o -mcpu=cortex-m0 -mthumb -I.\freemodbus\modbus\include -I.\freemodbus\modbus\rtu -I.\freemodbus\port -I.\user\inc -I. -IGenerated_Source\PSoC4 -Wa,-alh=.\CortexM0\ARM_GCC_541\Debug/SCB_EZI2C.lst -g -D DEBUG -Wall -ffunction-sections -ffat-lto-objects -Og
arm-none-eabi-gcc.exe -c Generated_Source\PSoC4\SCB_EZI2C_INT.c -o .\CortexM0\ARM_GCC_541\Debug\SCB_EZI2C_INT.o -mcpu=cortex-m0 -mthumb -I.\freemodbus\modbus\include -I.\freemodbus\modbus\rtu -I.\freemodbus\port -I.\user\inc -I. -IGenerated_Source\PSoC4 -Wa,-alh=.\CortexM0\ARM_GCC_541\Debug/SCB_EZI2C_INT.lst -g -D DEBUG -Wall -ffunction-sections -ffat-lto-objects -Og
arm-none-eabi-gcc.exe -c Generated_Source\PSoC4\SCB_EZI2C_BOOT.c -o .\CortexM0\ARM_GCC_541\Debug\SCB_EZI2C_BOOT.o -mcpu=cortex-m0 -mthumb -I.\freemodbus\modbus\include -I.\freemodbus\modbus\rtu -I.\freemodbus\port -I.\user\inc -I. -IGenerated_Source\PSoC4 -Wa,-alh=.\CortexM0\ARM_GCC_541\Debug/SCB_EZI2C_BOOT.lst -g -D DEBUG -Wall -ffunction-sections -ffat-lto-objects -Og
arm-none-eabi-gcc.exe -c Generated_Source\PSoC4\DE.c -o .\CortexM0\ARM_GCC_541\Debug\DE.o -mcpu=cortex-m0 -mthumb -I.\freemodbus\modbus\include -I.\freemodbus\modbus\rtu -I.\freemodbus\port -I.\user\inc -I. -IGenerated_Source\PSoC4 -Wa,-alh=.\CortexM0\ARM_GCC_541\Debug/DE.lst -g -D DEBUG -Wall -ffunction-sections -ffat-lto-objects -Og
arm-none-eabi-gcc.exe -c Generated_Source\PSoC4\DE_PM.c -o .\CortexM0\ARM_GCC_541\Debug\DE_PM.o -mcpu=cortex-m0 -mthumb -I.\freemodbus\modbus\include -I.\freemodbus\modbus\rtu -I.\freemodbus\port -I.\user\inc -I. -IGenerated_Source\PSoC4 -Wa,-alh=.\CortexM0\ARM_GCC_541\Debug/DE_PM.lst -g -D DEBUG -Wall -ffunction-sections -ffat-lto-objects -Og
arm-none-eabi-gcc.exe -c Generated_Source\PSoC4\CommCLK.c -o .\CortexM0\ARM_GCC_541\Debug\CommCLK.o -mcpu=cortex-m0 -mthumb -I.\freemodbus\modbus\include -I.\freemodbus\modbus\rtu -I.\freemodbus\port -I.\user\inc -I. -IGenerated_Source\PSoC4 -Wa,-alh=.\CortexM0\ARM_GCC_541\Debug/CommCLK.lst -g -D DEBUG -Wall -ffunction-sections -ffat-lto-objects -Og
arm-none-eabi-gcc.exe -c Generated_Source\PSoC4\mbPortTimer.c -o .\CortexM0\ARM_GCC_541\Debug\mbPortTimer.o -mcpu=cortex-m0 -mthumb -I.\freemodbus\modbus\include -I.\freemodbus\modbus\rtu -I.\freemodbus\port -I.\user\inc -I. -IGenerated_Source\PSoC4 -Wa,-alh=.\CortexM0\ARM_GCC_541\Debug/mbPortTimer.lst -g -D DEBUG -Wall -ffunction-sections -ffat-lto-objects -Og
arm-none-eabi-gcc.exe -c Generated_Source\PSoC4\mbPortTimer_PM.c -o .\CortexM0\ARM_GCC_541\Debug\mbPortTimer_PM.o -mcpu=cortex-m0 -mthumb -I.\freemodbus\modbus\include -I.\freemodbus\modbus\rtu -I.\freemodbus\port -I.\user\inc -I. -IGenerated_Source\PSoC4 -Wa,-alh=.\CortexM0\ARM_GCC_541\Debug/mbPortTimer_PM.lst -g -D DEBUG -Wall -ffunction-sections -ffat-lto-objects -Og
arm-none-eabi-gcc.exe -c Generated_Source\PSoC4\mbPortTimerISR.c -o .\CortexM0\ARM_GCC_541\Debug\mbPortTimerISR.o -mcpu=cortex-m0 -mthumb -I.\freemodbus\modbus\include -I.\freemodbus\modbus\rtu -I.\freemodbus\port -I.\user\inc -I. -IGenerated_Source\PSoC4 -Wa,-alh=.\CortexM0\ARM_GCC_541\Debug/mbPortTimerISR.lst -g -D DEBUG -Wall -ffunction-sections -ffat-lto-objects -Og
arm-none-eabi-gcc.exe -c Generated_Source\PSoC4\DI3.c -o .\CortexM0\ARM_GCC_541\Debug\DI3.o -mcpu=cortex-m0 -mthumb -I.\freemodbus\modbus\include -I.\freemodbus\modbus\rtu -I.\freemodbus\port -I.\user\inc -I. -IGenerated_Source\PSoC4 -Wa,-alh=.\CortexM0\ARM_GCC_541\Debug/DI3.lst -g -D DEBUG -Wall -ffunction-sections -ffat-lto-objects -Og
arm-none-eabi-gcc.exe -c Generated_Source\PSoC4\DI3_PM.c -o .\CortexM0\ARM_GCC_541\Debug\DI3_PM.o -mcpu=cortex-m0 -mthumb -I.\freemodbus\modbus\include -I.\freemodbus\modbus\rtu -I.\freemodbus\port -I.\user\inc -I. -IGenerated_Source\PSoC4 -Wa,-alh=.\CortexM0\ARM_GCC_541\Debug/DI3_PM.lst -g -D DEBUG -Wall -ffunction-sections -ffat-lto-objects -Og
arm-none-eabi-gcc.exe -c Generated_Source\PSoC4\Status_LED.c -o .\CortexM0\ARM_GCC_541\Debug\Status_LED.o -mcpu=cortex-m0 -mthumb -I.\freemodbus\modbus\include -I.\freemodbus\modbus\rtu -I.\freemodbus\port -I.\user\inc -I. -IGenerated_Source\PSoC4 -Wa,-alh=.\CortexM0\ARM_GCC_541\Debug/Status_LED.lst -g -D DEBUG -Wall -ffunction-sections -ffat-lto-objects -Og
arm-none-eabi-gcc.exe -c Generated_Source\PSoC4\Status_LED_PM.c -o .\CortexM0\ARM_GCC_541\Debug\Status_LED_PM.o -mcpu=cortex-m0 -mthumb -I.\freemodbus\modbus\include -I.\freemodbus\modbus\rtu -I.\freemodbus\port -I.\user\inc -I. -IGenerated_Source\PSoC4 -Wa,-alh=.\CortexM0\ARM_GCC_541\Debug/Status_LED_PM.lst -g -D DEBUG -Wall -ffunction-sections -ffat-lto-objects -Og
arm-none-eabi-gcc.exe -c Generated_Source\PSoC4\DI2.c -o .\CortexM0\ARM_GCC_541\Debug\DI2.o -mcpu=cortex-m0 -mthumb -I.\freemodbus\modbus\include -I.\freemodbus\modbus\rtu -I.\freemodbus\port -I.\user\inc -I. -IGenerated_Source\PSoC4 -Wa,-alh=.\CortexM0\ARM_GCC_541\Debug/DI2.lst -g -D DEBUG -Wall -ffunction-sections -ffat-lto-objects -Og
arm-none-eabi-gcc.exe -c Generated_Source\PSoC4\DI2_PM.c -o .\CortexM0\ARM_GCC_541\Debug\DI2_PM.o -mcpu=cortex-m0 -mthumb -I.\freemodbus\modbus\include -I.\freemodbus\modbus\rtu -I.\freemodbus\port -I.\user\inc -I. -IGenerated_Source\PSoC4 -Wa,-alh=.\CortexM0\ARM_GCC_541\Debug/DI2_PM.lst -g -D DEBUG -Wall -ffunction-sections -ffat-lto-objects -Og
arm-none-eabi-gcc.exe -c Generated_Source\PSoC4\IN0_ISR.c -o .\CortexM0\ARM_GCC_541\Debug\IN0_ISR.o -mcpu=cortex-m0 -mthumb -I.\freemodbus\modbus\include -I.\freemodbus\modbus\rtu -I.\freemodbus\port -I.\user\inc -I. -IGenerated_Source\PSoC4 -Wa,-alh=.\CortexM0\ARM_GCC_541\Debug/IN0_ISR.lst -g -D DEBUG -Wall -ffunction-sections -ffat-lto-objects -Og
arm-none-eabi-gcc.exe -c Generated_Source\PSoC4\DI0.c -o .\CortexM0\ARM_GCC_541\Debug\DI0.o -mcpu=cortex-m0 -mthumb -I.\freemodbus\modbus\include -I.\freemodbus\modbus\rtu -I.\freemodbus\port -I.\user\inc -I. -IGenerated_Source\PSoC4 -Wa,-alh=.\CortexM0\ARM_GCC_541\Debug/DI0.lst -g -D DEBUG -Wall -ffunction-sections -ffat-lto-objects -Og
arm-none-eabi-gcc.exe -c Generated_Source\PSoC4\DI0_PM.c -o .\CortexM0\ARM_GCC_541\Debug\DI0_PM.o -mcpu=cortex-m0 -mthumb -I.\freemodbus\modbus\include -I.\freemodbus\modbus\rtu -I.\freemodbus\port -I.\user\inc -I. -IGenerated_Source\PSoC4 -Wa,-alh=.\CortexM0\ARM_GCC_541\Debug/DI0_PM.lst -g -D DEBUG -Wall -ffunction-sections -ffat-lto-objects -Og
arm-none-eabi-gcc.exe -c Generated_Source\PSoC4\DO0.c -o .\CortexM0\ARM_GCC_541\Debug\DO0.o -mcpu=cortex-m0 -mthumb -I.\freemodbus\modbus\include -I.\freemodbus\modbus\rtu -I.\freemodbus\port -I.\user\inc -I. -IGenerated_Source\PSoC4 -Wa,-alh=.\CortexM0\ARM_GCC_541\Debug/DO0.lst -g -D DEBUG -Wall -ffunction-sections -ffat-lto-objects -Og
arm-none-eabi-gcc.exe -c Generated_Source\PSoC4\DO0_PM.c -o .\CortexM0\ARM_GCC_541\Debug\DO0_PM.o -mcpu=cortex-m0 -mthumb -I.\freemodbus\modbus\include -I.\freemodbus\modbus\rtu -I.\freemodbus\port -I.\user\inc -I. -IGenerated_Source\PSoC4 -Wa,-alh=.\CortexM0\ARM_GCC_541\Debug/DO0_PM.lst -g -D DEBUG -Wall -ffunction-sections -ffat-lto-objects -Og
arm-none-eabi-gcc.exe -c Generated_Source\PSoC4\Vbus.c -o .\CortexM0\ARM_GCC_541\Debug\Vbus.o -mcpu=cortex-m0 -mthumb -I.\freemodbus\modbus\include -I.\freemodbus\modbus\rtu -I.\freemodbus\port -I.\user\inc -I. -IGenerated_Source\PSoC4 -Wa,-alh=.\CortexM0\ARM_GCC_541\Debug/Vbus.lst -g -D DEBUG -Wall -ffunction-sections -ffat-lto-objects -Og
arm-none-eabi-gcc.exe -c Generated_Source\PSoC4\Vbus_PM.c -o .\CortexM0\ARM_GCC_541\Debug\Vbus_PM.o -mcpu=cortex-m0 -mthumb -I.\freemodbus\modbus\include -I.\freemodbus\modbus\rtu -I.\freemodbus\port -I.\user\inc -I. -IGenerated_Source\PSoC4 -Wa,-alh=.\CortexM0\ARM_GCC_541\Debug/Vbus_PM.lst -g -D DEBUG -Wall -ffunction-sections -ffat-lto-objects -Og
arm-none-eabi-gcc.exe -c Generated_Source\PSoC4\uStepTimer.c -o .\CortexM0\ARM_GCC_541\Debug\uStepTimer.o -mcpu=cortex-m0 -mthumb -I.\freemodbus\modbus\include -I.\freemodbus\modbus\rtu -I.\freemodbus\port -I.\user\inc -I. -IGenerated_Source\PSoC4 -Wa,-alh=.\CortexM0\ARM_GCC_541\Debug/uStepTimer.lst -g -D DEBUG -Wall -ffunction-sections -ffat-lto-objects -Og
arm-none-eabi-gcc.exe -c Generated_Source\PSoC4\uStepTimer_PM.c -o .\CortexM0\ARM_GCC_541\Debug\uStepTimer_PM.o -mcpu=cortex-m0 -mthumb -I.\freemodbus\modbus\include -I.\freemodbus\modbus\rtu -I.\freemodbus\port -I.\user\inc -I. -IGenerated_Source\PSoC4 -Wa,-alh=.\CortexM0\ARM_GCC_541\Debug/uStepTimer_PM.lst -g -D DEBUG -Wall -ffunction-sections -ffat-lto-objects -Og
arm-none-eabi-gcc.exe -c Generated_Source\PSoC4\Microstep_ISR.c -o .\CortexM0\ARM_GCC_541\Debug\Microstep_ISR.o -mcpu=cortex-m0 -mthumb -I.\freemodbus\modbus\include -I.\freemodbus\modbus\rtu -I.\freemodbus\port -I.\user\inc -I. -IGenerated_Source\PSoC4 -Wa,-alh=.\CortexM0\ARM_GCC_541\Debug/Microstep_ISR.lst -g -D DEBUG -Wall -ffunction-sections -ffat-lto-objects -Og
arm-none-eabi-gcc.exe -c Generated_Source\PSoC4\DI1.c -o .\CortexM0\ARM_GCC_541\Debug\DI1.o -mcpu=cortex-m0 -mthumb -I.\freemodbus\modbus\include -I.\freemodbus\modbus\rtu -I.\freemodbus\port -I.\user\inc -I. -IGenerated_Source\PSoC4 -Wa,-alh=.\CortexM0\ARM_GCC_541\Debug/DI1.lst -g -D DEBUG -Wall -ffunction-sections -ffat-lto-objects -Og
arm-none-eabi-gcc.exe -c Generated_Source\PSoC4\DI1_PM.c -o .\CortexM0\ARM_GCC_541\Debug\DI1_PM.o -mcpu=cortex-m0 -mthumb -I.\freemodbus\modbus\include -I.\freemodbus\modbus\rtu -I.\freemodbus\port -I.\user\inc -I. -IGenerated_Source\PSoC4 -Wa,-alh=.\CortexM0\ARM_GCC_541\Debug/DI1_PM.lst -g -D DEBUG -Wall -ffunction-sections -ffat-lto-objects -Og
arm-none-eabi-gcc.exe -c Generated_Source\PSoC4\Spd_Req.c -o .\CortexM0\ARM_GCC_541\Debug\Spd_Req.o -mcpu=cortex-m0 -mthumb -I.\freemodbus\modbus\include -I.\freemodbus\modbus\rtu -I.\freemodbus\port -I.\user\inc -I. -IGenerated_Source\PSoC4 -Wa,-alh=.\CortexM0\ARM_GCC_541\Debug/Spd_Req.lst -g -D DEBUG -Wall -ffunction-sections -ffat-lto-objects -Og
arm-none-eabi-gcc.exe -c Generated_Source\PSoC4\Spd_Req_PM.c -o .\CortexM0\ARM_GCC_541\Debug\Spd_Req_PM.o -mcpu=cortex-m0 -mthumb -I.\freemodbus\modbus\include -I.\freemodbus\modbus\rtu -I.\freemodbus\port -I.\user\inc -I. -IGenerated_Source\PSoC4 -Wa,-alh=.\CortexM0\ARM_GCC_541\Debug/Spd_Req_PM.lst -g -D DEBUG -Wall -ffunction-sections -ffat-lto-objects -Og
arm-none-eabi-gcc.exe -c Generated_Source\PSoC4\ADC_SAR_Seq_1.c -o .\CortexM0\ARM_GCC_541\Debug\ADC_SAR_Seq_1.o -mcpu=cortex-m0 -mthumb -I.\freemodbus\modbus\include -I.\freemodbus\modbus\rtu -I.\freemodbus\port -I.\user\inc -I. -IGenerated_Source\PSoC4 -Wa,-alh=.\CortexM0\ARM_GCC_541\Debug/ADC_SAR_Seq_1.lst -g -D DEBUG -Wall -ffunction-sections -ffat-lto-objects -Og
arm-none-eabi-gcc.exe -c Generated_Source\PSoC4\ADC_SAR_Seq_1_PM.c -o .\CortexM0\ARM_GCC_541\Debug\ADC_SAR_Seq_1_PM.o -mcpu=cortex-m0 -mthumb -I.\freemodbus\modbus\include -I.\freemodbus\modbus\rtu -I.\freemodbus\port -I.\user\inc -I. -IGenerated_Source\PSoC4 -Wa,-alh=.\CortexM0\ARM_GCC_541\Debug/ADC_SAR_Seq_1_PM.lst -g -D DEBUG -Wall -ffunction-sections -ffat-lto-objects -Og
arm-none-eabi-gcc.exe -c Generated_Source\PSoC4\ADC_SAR_Seq_1_INT.c -o .\CortexM0\ARM_GCC_541\Debug\ADC_SAR_Seq_1_INT.o -mcpu=cortex-m0 -mthumb -I.\freemodbus\modbus\include -I.\freemodbus\modbus\rtu -I.\freemodbus\port -I.\user\inc -I. -IGenerated_Source\PSoC4 -Wa,-alh=.\CortexM0\ARM_GCC_541\Debug/ADC_SAR_Seq_1_INT.lst -g -D DEBUG -Wall -ffunction-sections -ffat-lto-objects -Og
arm-none-eabi-gcc.exe -c Generated_Source\PSoC4\uStep_CLOCK.c -o .\CortexM0\ARM_GCC_541\Debug\uStep_CLOCK.o -mcpu=cortex-m0 -mthumb -I.\freemodbus\modbus\include -I.\freemodbus\modbus\rtu -I.\freemodbus\port -I.\user\inc -I. -IGenerated_Source\PSoC4 -Wa,-alh=.\CortexM0\ARM_GCC_541\Debug/uStep_CLOCK.lst -g -D DEBUG -Wall -ffunction-sections -ffat-lto-objects -Og
arm-none-eabi-gcc.exe -c Generated_Source\PSoC4\PWMBH.c -o .\CortexM0\ARM_GCC_541\Debug\PWMBH.o -mcpu=cortex-m0 -mthumb -I.\freemodbus\modbus\include -I.\freemodbus\modbus\rtu -I.\freemodbus\port -I.\user\inc -I. -IGenerated_Source\PSoC4 -Wa,-alh=.\CortexM0\ARM_GCC_541\Debug/PWMBH.lst -g -D DEBUG -Wall -ffunction-sections -ffat-lto-objects -Og
arm-none-eabi-gcc.exe -c Generated_Source\PSoC4\PWMBH_PM.c -o .\CortexM0\ARM_GCC_541\Debug\PWMBH_PM.o -mcpu=cortex-m0 -mthumb -I.\freemodbus\modbus\include -I.\freemodbus\modbus\rtu -I.\freemodbus\port -I.\user\inc -I. -IGenerated_Source\PSoC4 -Wa,-alh=.\CortexM0\ARM_GCC_541\Debug/PWMBH_PM.lst -g -D DEBUG -Wall -ffunction-sections -ffat-lto-objects -Og
arm-none-eabi-gcc.exe -c Generated_Source\PSoC4\ControlReg.c -o .\CortexM0\ARM_GCC_541\Debug\ControlReg.o -mcpu=cortex-m0 -mthumb -I.\freemodbus\modbus\include -I.\freemodbus\modbus\rtu -I.\freemodbus\port -I.\user\inc -I. -IGenerated_Source\PSoC4 -Wa,-alh=.\CortexM0\ARM_GCC_541\Debug/ControlReg.lst -g -D DEBUG -Wall -ffunction-sections -ffat-lto-objects -Og
arm-none-eabi-gcc.exe -c Generated_Source\PSoC4\ControlReg_PM.c -o .\CortexM0\ARM_GCC_541\Debug\ControlReg_PM.o -mcpu=cortex-m0 -mthumb -I.\freemodbus\modbus\include -I.\freemodbus\modbus\rtu -I.\freemodbus\port -I.\user\inc -I. -IGenerated_Source\PSoC4 -Wa,-alh=.\CortexM0\ARM_GCC_541\Debug/ControlReg_PM.lst -g -D DEBUG -Wall -ffunction-sections -ffat-lto-objects -Og
arm-none-eabi-gcc.exe -c Generated_Source\PSoC4\PWMAL.c -o .\CortexM0\ARM_GCC_541\Debug\PWMAL.o -mcpu=cortex-m0 -mthumb -I.\freemodbus\modbus\include -I.\freemodbus\modbus\rtu -I.\freemodbus\port -I.\user\inc -I. -IGenerated_Source\PSoC4 -Wa,-alh=.\CortexM0\ARM_GCC_541\Debug/PWMAL.lst -g -D DEBUG -Wall -ffunction-sections -ffat-lto-objects -Og
arm-none-eabi-gcc.exe -c Generated_Source\PSoC4\PWMAL_PM.c -o .\CortexM0\ARM_GCC_541\Debug\PWMAL_PM.o -mcpu=cortex-m0 -mthumb -I.\freemodbus\modbus\include -I.\freemodbus\modbus\rtu -I.\freemodbus\port -I.\user\inc -I. -IGenerated_Source\PSoC4 -Wa,-alh=.\CortexM0\ARM_GCC_541\Debug/PWMAL_PM.lst -g -D DEBUG -Wall -ffunction-sections -ffat-lto-objects -Og
arm-none-eabi-gcc.exe -c Generated_Source\PSoC4\ControlEnable.c -o .\CortexM0\ARM_GCC_541\Debug\ControlEnable.o -mcpu=cortex-m0 -mthumb -I.\freemodbus\modbus\include -I.\freemodbus\modbus\rtu -I.\freemodbus\port -I.\user\inc -I. -IGenerated_Source\PSoC4 -Wa,-alh=.\CortexM0\ARM_GCC_541\Debug/ControlEnable.lst -g -D DEBUG -Wall -ffunction-sections -ffat-lto-objects -Og
arm-none-eabi-gcc.exe -c Generated_Source\PSoC4\ControlEnable_PM.c -o .\CortexM0\ARM_GCC_541\Debug\ControlEnable_PM.o -mcpu=cortex-m0 -mthumb -I.\freemodbus\modbus\include -I.\freemodbus\modbus\rtu -I.\freemodbus\port -I.\user\inc -I. -IGenerated_Source\PSoC4 -Wa,-alh=.\CortexM0\ARM_GCC_541\Debug/ControlEnable_PM.lst -g -D DEBUG -Wall -ffunction-sections -ffat-lto-objects -Og
arm-none-eabi-gcc.exe -c Generated_Source\PSoC4\PWM_CLOCK.c -o .\CortexM0\ARM_GCC_541\Debug\PWM_CLOCK.o -mcpu=cortex-m0 -mthumb -I.\freemodbus\modbus\include -I.\freemodbus\modbus\rtu -I.\freemodbus\port -I.\user\inc -I. -IGenerated_Source\PSoC4 -Wa,-alh=.\CortexM0\ARM_GCC_541\Debug/PWM_CLOCK.lst -g -D DEBUG -Wall -ffunction-sections -ffat-lto-objects -Og
arm-none-eabi-gcc.exe -c Generated_Source\PSoC4\PWMCH.c -o .\CortexM0\ARM_GCC_541\Debug\PWMCH.o -mcpu=cortex-m0 -mthumb -I.\freemodbus\modbus\include -I.\freemodbus\modbus\rtu -I.\freemodbus\port -I.\user\inc -I. -IGenerated_Source\PSoC4 -Wa,-alh=.\CortexM0\ARM_GCC_541\Debug/PWMCH.lst -g -D DEBUG -Wall -ffunction-sections -ffat-lto-objects -Og
arm-none-eabi-gcc.exe -c Generated_Source\PSoC4\PWMCH_PM.c -o .\CortexM0\ARM_GCC_541\Debug\PWMCH_PM.o -mcpu=cortex-m0 -mthumb -I.\freemodbus\modbus\include -I.\freemodbus\modbus\rtu -I.\freemodbus\port -I.\user\inc -I. -IGenerated_Source\PSoC4 -Wa,-alh=.\CortexM0\ARM_GCC_541\Debug/PWMCH_PM.lst -g -D DEBUG -Wall -ffunction-sections -ffat-lto-objects -Og
arm-none-eabi-gcc.exe -c Generated_Source\PSoC4\PWMDH.c -o .\CortexM0\ARM_GCC_541\Debug\PWMDH.o -mcpu=cortex-m0 -mthumb -I.\freemodbus\modbus\include -I.\freemodbus\modbus\rtu -I.\freemodbus\port -I.\user\inc -I. -IGenerated_Source\PSoC4 -Wa,-alh=.\CortexM0\ARM_GCC_541\Debug/PWMDH.lst -g -D DEBUG -Wall -ffunction-sections -ffat-lto-objects -Og
arm-none-eabi-gcc.exe -c Generated_Source\PSoC4\PWMDH_PM.c -o .\CortexM0\ARM_GCC_541\Debug\PWMDH_PM.o -mcpu=cortex-m0 -mthumb -I.\freemodbus\modbus\include -I.\freemodbus\modbus\rtu -I.\freemodbus\port -I.\user\inc -I. -IGenerated_Source\PSoC4 -Wa,-alh=.\CortexM0\ARM_GCC_541\Debug/PWMDH_PM.lst -g -D DEBUG -Wall -ffunction-sections -ffat-lto-objects -Og
arm-none-eabi-gcc.exe -c Generated_Source\PSoC4\PWMAH.c -o .\CortexM0\ARM_GCC_541\Debug\PWMAH.o -mcpu=cortex-m0 -mthumb -I.\freemodbus\modbus\include -I.\freemodbus\modbus\rtu -I.\freemodbus\port -I.\user\inc -I. -IGenerated_Source\PSoC4 -Wa,-alh=.\CortexM0\ARM_GCC_541\Debug/PWMAH.lst -g -D DEBUG -Wall -ffunction-sections -ffat-lto-objects -Og
arm-none-eabi-gcc.exe -c Generated_Source\PSoC4\PWMAH_PM.c -o .\CortexM0\ARM_GCC_541\Debug\PWMAH_PM.o -mcpu=cortex-m0 -mthumb -I.\freemodbus\modbus\include -I.\freemodbus\modbus\rtu -I.\freemodbus\port -I.\user\inc -I. -IGenerated_Source\PSoC4 -Wa,-alh=.\CortexM0\ARM_GCC_541\Debug/PWMAH_PM.lst -g -D DEBUG -Wall -ffunction-sections -ffat-lto-objects -Og
arm-none-eabi-gcc.exe -c Generated_Source\PSoC4\PWMCL.c -o .\CortexM0\ARM_GCC_541\Debug\PWMCL.o -mcpu=cortex-m0 -mthumb -I.\freemodbus\modbus\include -I.\freemodbus\modbus\rtu -I.\freemodbus\port -I.\user\inc -I. -IGenerated_Source\PSoC4 -Wa,-alh=.\CortexM0\ARM_GCC_541\Debug/PWMCL.lst -g -D DEBUG -Wall -ffunction-sections -ffat-lto-objects -Og
arm-none-eabi-gcc.exe -c Generated_Source\PSoC4\PWMCL_PM.c -o .\CortexM0\ARM_GCC_541\Debug\PWMCL_PM.o -mcpu=cortex-m0 -mthumb -I.\freemodbus\modbus\include -I.\freemodbus\modbus\rtu -I.\freemodbus\port -I.\user\inc -I. -IGenerated_Source\PSoC4 -Wa,-alh=.\CortexM0\ARM_GCC_541\Debug/PWMCL_PM.lst -g -D DEBUG -Wall -ffunction-sections -ffat-lto-objects -Og
arm-none-eabi-gcc.exe -c Generated_Source\PSoC4\PWMDL.c -o .\CortexM0\ARM_GCC_541\Debug\PWMDL.o -mcpu=cortex-m0 -mthumb -I.\freemodbus\modbus\include -I.\freemodbus\modbus\rtu -I.\freemodbus\port -I.\user\inc -I. -IGenerated_Source\PSoC4 -Wa,-alh=.\CortexM0\ARM_GCC_541\Debug/PWMDL.lst -g -D DEBUG -Wall -ffunction-sections -ffat-lto-objects -Og
arm-none-eabi-gcc.exe -c Generated_Source\PSoC4\PWMDL_PM.c -o .\CortexM0\ARM_GCC_541\Debug\PWMDL_PM.o -mcpu=cortex-m0 -mthumb -I.\freemodbus\modbus\include -I.\freemodbus\modbus\rtu -I.\freemodbus\port -I.\user\inc -I. -IGenerated_Source\PSoC4 -Wa,-alh=.\CortexM0\ARM_GCC_541\Debug/PWMDL_PM.lst -g -D DEBUG -Wall -ffunction-sections -ffat-lto-objects -Og
arm-none-eabi-gcc.exe -c Generated_Source\PSoC4\PwmTimer_ISR.c -o .\CortexM0\ARM_GCC_541\Debug\PwmTimer_ISR.o -mcpu=cortex-m0 -mthumb -I.\freemodbus\modbus\include -I.\freemodbus\modbus\rtu -I.\freemodbus\port -I.\user\inc -I. -IGenerated_Source\PSoC4 -Wa,-alh=.\CortexM0\ARM_GCC_541\Debug/PwmTimer_ISR.lst -g -D DEBUG -Wall -ffunction-sections -ffat-lto-objects -Og
arm-none-eabi-gcc.exe -c Generated_Source\PSoC4\PWM_B.c -o .\CortexM0\ARM_GCC_541\Debug\PWM_B.o -mcpu=cortex-m0 -mthumb -I.\freemodbus\modbus\include -I.\freemodbus\modbus\rtu -I.\freemodbus\port -I.\user\inc -I. -IGenerated_Source\PSoC4 -Wa,-alh=.\CortexM0\ARM_GCC_541\Debug/PWM_B.lst -g -D DEBUG -Wall -ffunction-sections -ffat-lto-objects -Og
arm-none-eabi-gcc.exe -c Generated_Source\PSoC4\PWM_B_PM.c -o .\CortexM0\ARM_GCC_541\Debug\PWM_B_PM.o -mcpu=cortex-m0 -mthumb -I.\freemodbus\modbus\include -I.\freemodbus\modbus\rtu -I.\freemodbus\port -I.\user\inc -I. -IGenerated_Source\PSoC4 -Wa,-alh=.\CortexM0\ARM_GCC_541\Debug/PWM_B_PM.lst -g -D DEBUG -Wall -ffunction-sections -ffat-lto-objects -Og
arm-none-eabi-gcc.exe -c Generated_Source\PSoC4\PWM_A.c -o .\CortexM0\ARM_GCC_541\Debug\PWM_A.o -mcpu=cortex-m0 -mthumb -I.\freemodbus\modbus\include -I.\freemodbus\modbus\rtu -I.\freemodbus\port -I.\user\inc -I. -IGenerated_Source\PSoC4 -Wa,-alh=.\CortexM0\ARM_GCC_541\Debug/PWM_A.lst -g -D DEBUG -Wall -ffunction-sections -ffat-lto-objects -Og
arm-none-eabi-gcc.exe -c Generated_Source\PSoC4\PWM_A_PM.c -o .\CortexM0\ARM_GCC_541\Debug\PWM_A_PM.o -mcpu=cortex-m0 -mthumb -I.\freemodbus\modbus\include -I.\freemodbus\modbus\rtu -I.\freemodbus\port -I.\user\inc -I. -IGenerated_Source\PSoC4 -Wa,-alh=.\CortexM0\ARM_GCC_541\Debug/PWM_A_PM.lst -g -D DEBUG -Wall -ffunction-sections -ffat-lto-objects -Og
arm-none-eabi-gcc.exe -c Generated_Source\PSoC4\TA_STOP.c -o .\CortexM0\ARM_GCC_541\Debug\TA_STOP.o -mcpu=cortex-m0 -mthumb -I.\freemodbus\modbus\include -I.\freemodbus\modbus\rtu -I.\freemodbus\port -I.\user\inc -I. -IGenerated_Source\PSoC4 -Wa,-alh=.\CortexM0\ARM_GCC_541\Debug/TA_STOP.lst -g -D DEBUG -Wall -ffunction-sections -ffat-lto-objects -Og
arm-none-eabi-gcc.exe -c Generated_Source\PSoC4\TA_STOP_PM.c -o .\CortexM0\ARM_GCC_541\Debug\TA_STOP_PM.o -mcpu=cortex-m0 -mthumb -I.\freemodbus\modbus\include -I.\freemodbus\modbus\rtu -I.\freemodbus\port -I.\user\inc -I. -IGenerated_Source\PSoC4 -Wa,-alh=.\CortexM0\ARM_GCC_541\Debug/TA_STOP_PM.lst -g -D DEBUG -Wall -ffunction-sections -ffat-lto-objects -Og
arm-none-eabi-gcc.exe -c Generated_Source\PSoC4\TB_STOP.c -o .\CortexM0\ARM_GCC_541\Debug\TB_STOP.o -mcpu=cortex-m0 -mthumb -I.\freemodbus\modbus\include -I.\freemodbus\modbus\rtu -I.\freemodbus\port -I.\user\inc -I. -IGenerated_Source\PSoC4 -Wa,-alh=.\CortexM0\ARM_GCC_541\Debug/TB_STOP.lst -g -D DEBUG -Wall -ffunction-sections -ffat-lto-objects -Og
arm-none-eabi-gcc.exe -c Generated_Source\PSoC4\TB_STOP_PM.c -o .\CortexM0\ARM_GCC_541\Debug\TB_STOP_PM.o -mcpu=cortex-m0 -mthumb -I.\freemodbus\modbus\include -I.\freemodbus\modbus\rtu -I.\freemodbus\port -I.\user\inc -I. -IGenerated_Source\PSoC4 -Wa,-alh=.\CortexM0\ARM_GCC_541\Debug/TB_STOP_PM.lst -g -D DEBUG -Wall -ffunction-sections -ffat-lto-objects -Og
arm-none-eabi-gcc.exe -c Generated_Source\PSoC4\SPI_SCBCLK.c -o .\CortexM0\ARM_GCC_541\Debug\SPI_SCBCLK.o -mcpu=cortex-m0 -mthumb -I.\freemodbus\modbus\include -I.\freemodbus\modbus\rtu -I.\freemodbus\port -I.\user\inc -I. -IGenerated_Source\PSoC4 -Wa,-alh=.\CortexM0\ARM_GCC_541\Debug/SPI_SCBCLK.lst -g -D DEBUG -Wall -ffunction-sections -ffat-lto-objects -Og
arm-none-eabi-gcc.exe -c Generated_Source\PSoC4\SPI_sclk_m.c -o .\CortexM0\ARM_GCC_541\Debug\SPI_sclk_m.o -mcpu=cortex-m0 -mthumb -I.\freemodbus\modbus\include -I.\freemodbus\modbus\rtu -I.\freemodbus\port -I.\user\inc -I. -IGenerated_Source\PSoC4 -Wa,-alh=.\CortexM0\ARM_GCC_541\Debug/SPI_sclk_m.lst -g -D DEBUG -Wall -ffunction-sections -ffat-lto-objects -Og
arm-none-eabi-gcc.exe -c Generated_Source\PSoC4\SPI_sclk_m_PM.c -o .\CortexM0\ARM_GCC_541\Debug\SPI_sclk_m_PM.o -mcpu=cortex-m0 -mthumb -I.\freemodbus\modbus\include -I.\freemodbus\modbus\rtu -I.\freemodbus\port -I.\user\inc -I. -IGenerated_Source\PSoC4 -Wa,-alh=.\CortexM0\ARM_GCC_541\Debug/SPI_sclk_m_PM.lst -g -D DEBUG -Wall -ffunction-sections -ffat-lto-objects -Og
arm-none-eabi-gcc.exe -c Generated_Source\PSoC4\SPI_miso_m.c -o .\CortexM0\ARM_GCC_541\Debug\SPI_miso_m.o -mcpu=cortex-m0 -mthumb -I.\freemodbus\modbus\include -I.\freemodbus\modbus\rtu -I.\freemodbus\port -I.\user\inc -I. -IGenerated_Source\PSoC4 -Wa,-alh=.\CortexM0\ARM_GCC_541\Debug/SPI_miso_m.lst -g -D DEBUG -Wall -ffunction-sections -ffat-lto-objects -Og
arm-none-eabi-gcc.exe -c Generated_Source\PSoC4\SPI_miso_m_PM.c -o .\CortexM0\ARM_GCC_541\Debug\SPI_miso_m_PM.o -mcpu=cortex-m0 -mthumb -I.\freemodbus\modbus\include -I.\freemodbus\modbus\rtu -I.\freemodbus\port -I.\user\inc -I. -IGenerated_Source\PSoC4 -Wa,-alh=.\CortexM0\ARM_GCC_541\Debug/SPI_miso_m_PM.lst -g -D DEBUG -Wall -ffunction-sections -ffat-lto-objects -Og
arm-none-eabi-gcc.exe -c Generated_Source\PSoC4\SPI_mosi_m.c -o .\CortexM0\ARM_GCC_541\Debug\SPI_mosi_m.o -mcpu=cortex-m0 -mthumb -I.\freemodbus\modbus\include -I.\freemodbus\modbus\rtu -I.\freemodbus\port -I.\user\inc -I. -IGenerated_Source\PSoC4 -Wa,-alh=.\CortexM0\ARM_GCC_541\Debug/SPI_mosi_m.lst -g -D DEBUG -Wall -ffunction-sections -ffat-lto-objects -Og
arm-none-eabi-gcc.exe -c Generated_Source\PSoC4\SPI_mosi_m_PM.c -o .\CortexM0\ARM_GCC_541\Debug\SPI_mosi_m_PM.o -mcpu=cortex-m0 -mthumb -I.\freemodbus\modbus\include -I.\freemodbus\modbus\rtu -I.\freemodbus\port -I.\user\inc -I. -IGenerated_Source\PSoC4 -Wa,-alh=.\CortexM0\ARM_GCC_541\Debug/SPI_mosi_m_PM.lst -g -D DEBUG -Wall -ffunction-sections -ffat-lto-objects -Og
arm-none-eabi-gcc.exe -c Generated_Source\PSoC4\SCB_uart_rx_i2c_scl_spi_mosi.c -o .\CortexM0\ARM_GCC_541\Debug\SCB_uart_rx_i2c_scl_spi_mosi.o -mcpu=cortex-m0 -mthumb -I.\freemodbus\modbus\include -I.\freemodbus\modbus\rtu -I.\freemodbus\port -I.\user\inc -I. -IGenerated_Source\PSoC4 -Wa,-alh=.\CortexM0\ARM_GCC_541\Debug/SCB_uart_rx_i2c_scl_spi_mosi.lst -g -D DEBUG -Wall -ffunction-sections -ffat-lto-objects -Og
arm-none-eabi-gcc.exe -c Generated_Source\PSoC4\SCB_uart_rx_i2c_scl_spi_mosi_PM.c -o .\CortexM0\ARM_GCC_541\Debug\SCB_uart_rx_i2c_scl_spi_mosi_PM.o -mcpu=cortex-m0 -mthumb -I.\freemodbus\modbus\include -I.\freemodbus\modbus\rtu -I.\freemodbus\port -I.\user\inc -I. -IGenerated_Source\PSoC4 -Wa,-alh=.\CortexM0\ARM_GCC_541\Debug/SCB_uart_rx_i2c_scl_spi_mosi_PM.lst -g -D DEBUG -Wall -ffunction-sections -ffat-lto-objects -Og
arm-none-eabi-gcc.exe -c Generated_Source\PSoC4\SCB_uart_tx_i2c_sda_spi_miso.c -o .\CortexM0\ARM_GCC_541\Debug\SCB_uart_tx_i2c_sda_spi_miso.o -mcpu=cortex-m0 -mthumb -I.\freemodbus\modbus\include -I.\freemodbus\modbus\rtu -I.\freemodbus\port -I.\user\inc -I. -IGenerated_Source\PSoC4 -Wa,-alh=.\CortexM0\ARM_GCC_541\Debug/SCB_uart_tx_i2c_sda_spi_miso.lst -g -D DEBUG -Wall -ffunction-sections -ffat-lto-objects -Og
arm-none-eabi-gcc.exe -c Generated_Source\PSoC4\SCB_uart_tx_i2c_sda_spi_miso_PM.c -o .\CortexM0\ARM_GCC_541\Debug\SCB_uart_tx_i2c_sda_spi_miso_PM.o -mcpu=cortex-m0 -mthumb -I.\freemodbus\modbus\include -I.\freemodbus\modbus\rtu -I.\freemodbus\port -I.\user\inc -I. -IGenerated_Source\PSoC4 -Wa,-alh=.\CortexM0\ARM_GCC_541\Debug/SCB_uart_tx_i2c_sda_spi_miso_PM.lst -g -D DEBUG -Wall -ffunction-sections -ffat-lto-objects -Og
arm-none-eabi-gcc.exe -c Generated_Source\PSoC4\SCB_SCB_IRQ.c -o .\CortexM0\ARM_GCC_541\Debug\SCB_SCB_IRQ.o -mcpu=cortex-m0 -mthumb -I.\freemodbus\modbus\include -I.\freemodbus\modbus\rtu -I.\freemodbus\port -I.\user\inc -I. -IGenerated_Source\PSoC4 -Wa,-alh=.\CortexM0\ARM_GCC_541\Debug/SCB_SCB_IRQ.lst -g -D DEBUG -Wall -ffunction-sections -ffat-lto-objects -Og
arm-none-eabi-gcc.exe -c Generated_Source\PSoC4\ADC_SAR_Seq_1_IRQ.c -o .\CortexM0\ARM_GCC_541\Debug\ADC_SAR_Seq_1_IRQ.o -mcpu=cortex-m0 -mthumb -I.\freemodbus\modbus\include -I.\freemodbus\modbus\rtu -I.\freemodbus\port -I.\user\inc -I. -IGenerated_Source\PSoC4 -Wa,-alh=.\CortexM0\ARM_GCC_541\Debug/ADC_SAR_Seq_1_IRQ.lst -g -D DEBUG -Wall -ffunction-sections -ffat-lto-objects -Og
arm-none-eabi-gcc.exe -c Generated_Source\PSoC4\ADC_SAR_Seq_1_intClock.c -o .\CortexM0\ARM_GCC_541\Debug\ADC_SAR_Seq_1_intClock.o -mcpu=cortex-m0 -mthumb -I.\freemodbus\modbus\include -I.\freemodbus\modbus\rtu -I.\freemodbus\port -I.\user\inc -I. -IGenerated_Source\PSoC4 -Wa,-alh=.\CortexM0\ARM_GCC_541\Debug/ADC_SAR_Seq_1_intClock.lst -g -D DEBUG -Wall -ffunction-sections -ffat-lto-objects -Og
arm-none-eabi-gcc.exe -c Generated_Source\PSoC4\Cm0Start.c -o .\CortexM0\ARM_GCC_541\Debug\Cm0Start.o -mcpu=cortex-m0 -mthumb -I.\freemodbus\modbus\include -I.\freemodbus\modbus\rtu -I.\freemodbus\port -I.\user\inc -I. -IGenerated_Source\PSoC4 -Wa,-alh=.\CortexM0\ARM_GCC_541\Debug/Cm0Start.lst -g -D DEBUG -Wall -ffunction-sections -ffat-lto-objects -Og
arm-none-eabi-gcc.exe -c Generated_Source\PSoC4\CyFlash.c -o .\CortexM0\ARM_GCC_541\Debug\CyFlash.o -mcpu=cortex-m0 -mthumb -I.\freemodbus\modbus\include -I.\freemodbus\modbus\rtu -I.\freemodbus\port -I.\user\inc -I. -IGenerated_Source\PSoC4 -Wa,-alh=.\CortexM0\ARM_GCC_541\Debug/CyFlash.lst -g -D DEBUG -Wall -ffunction-sections -ffat-lto-objects -Og
arm-none-eabi-gcc.exe -c Generated_Source\PSoC4\CyLib.c -o .\CortexM0\ARM_GCC_541\Debug\CyLib.o -mcpu=cortex-m0 -mthumb -I.\freemodbus\modbus\include -I.\freemodbus\modbus\rtu -I.\freemodbus\port -I.\user\inc -I. -IGenerated_Source\PSoC4 -Wa,-alh=.\CortexM0\ARM_GCC_541\Debug/CyLib.lst -g -D DEBUG -Wall -ffunction-sections -ffat-lto-objects -Og
arm-none-eabi-gcc.exe -c Generated_Source\PSoC4\cyPm.c -o .\CortexM0\ARM_GCC_541\Debug\cyPm.o -mcpu=cortex-m0 -mthumb -I.\freemodbus\modbus\include -I.\freemodbus\modbus\rtu -I.\freemodbus\port -I.\user\inc -I. -IGenerated_Source\PSoC4 -Wa,-alh=.\CortexM0\ARM_GCC_541\Debug/cyPm.lst -g -D DEBUG -Wall -ffunction-sections -ffat-lto-objects -Og
arm-none-eabi-gcc.exe -c Generated_Source\PSoC4\cyutils.c -o .\CortexM0\ARM_GCC_541\Debug\cyutils.o -mcpu=cortex-m0 -mthumb -I.\freemodbus\modbus\include -I.\freemodbus\modbus\rtu -I.\freemodbus\port -I.\user\inc -I. -IGenerated_Source\PSoC4 -Wa,-alh=.\CortexM0\ARM_GCC_541\Debug/cyutils.lst -g -D DEBUG -Wall -ffunction-sections -ffat-lto-objects -Og
arm-none-eabi-gcc.exe -c Generated_Source\PSoC4\CyLFClk.c -o .\CortexM0\ARM_GCC_541\Debug\CyLFClk.o -mcpu=cortex-m0 -mthumb -I.\freemodbus\modbus\include -I.\freemodbus\modbus\rtu -I.\freemodbus\port -I.\user\inc -I. -IGenerated_Source\PSoC4 -Wa,-alh=.\CortexM0\ARM_GCC_541\Debug/CyLFClk.lst -g -D DEBUG -Wall -ffunction-sections -ffat-lto-objects -Og
arm-none-eabi-as.exe -o .\CortexM0\ARM_GCC_541\Debug\CyBootAsmGnu.o Generated_Source\PSoC4\CyBootAsmGnu.s -mcpu=cortex-m0 -mthumb -I. -IGenerated_Source\PSoC4 -alh=.\CortexM0\ARM_GCC_541\Debug/CyBootAsmGnu.lst -g
arm-none-eabi-ar.exe -rs .\CortexM0\ARM_GCC_541\Debug\SMControl_derinimui.a .\CortexM0\ARM_GCC_541\Debug\CyuStep_Clk.o .\CortexM0\ARM_GCC_541\Debug\PWMBL.o .\CortexM0\ARM_GCC_541\Debug\PWMBL_PM.o .\CortexM0\ARM_GCC_541\Debug\IDAC_B.o .\CortexM0\ARM_GCC_541\Debug\IDAC_B_PM.o .\CortexM0\ARM_GCC_541\Debug\IDAC_A.o .\CortexM0\ARM_GCC_541\Debug\IDAC_A_PM.o .\CortexM0\ARM_GCC_541\Debug\Opamp_B.o .\CortexM0\ARM_GCC_541\Debug\Opamp_B_PM.o .\CortexM0\ARM_GCC_541\Debug\Opamp_A.o .\CortexM0\ARM_GCC_541\Debug\Opamp_A_PM.o .\CortexM0\ARM_GCC_541\Debug\IAP.o .\CortexM0\ARM_GCC_541\Debug\IAP_PM.o .\CortexM0\ARM_GCC_541\Debug\IAREF.o .\CortexM0\ARM_GCC_541\Debug\IAREF_PM.o .\CortexM0\ARM_GCC_541\Debug\IBP.o .\CortexM0\ARM_GCC_541\Debug\IBP_PM.o .\CortexM0\ARM_GCC_541\Debug\IBREF.o .\CortexM0\ARM_GCC_541\Debug\IBREF_PM.o .\CortexM0\ARM_GCC_541\Debug\IAN.o .\CortexM0\ARM_GCC_541\Debug\IAN_PM.o .\CortexM0\ARM_GCC_541\Debug\IAO.o .\CortexM0\ARM_GCC_541\Debug\IAO_PM.o .\CortexM0\ARM_GCC_541\Debug\IBN.o .\CortexM0\ARM_GCC_541\Debug\IBN_PM.o .\CortexM0\ARM_GCC_541\Debug\IBO.o .\CortexM0\ARM_GCC_541\Debug\IBO_PM.o .\CortexM0\ARM_GCC_541\Debug\SPI_Latch.o .\CortexM0\ARM_GCC_541\Debug\SPI_Latch_PM.o .\CortexM0\ARM_GCC_541\Debug\SPI.o .\CortexM0\ARM_GCC_541\Debug\SPI_SPI_UART.o .\CortexM0\ARM_GCC_541\Debug\SPI_PM.o .\CortexM0\ARM_GCC_541\Debug\SPI_SPI.o .\CortexM0\ARM_GCC_541\Debug\SPI_BOOT.o .\CortexM0\ARM_GCC_541\Debug\SPI_SPI_BOOT.o .\CortexM0\ARM_GCC_541\Debug\SCB.o .\CortexM0\ARM_GCC_541\Debug\SCB_I2C_INT.o .\CortexM0\ARM_GCC_541\Debug\SCB_I2C.o .\CortexM0\ARM_GCC_541\Debug\SCB_I2C_BOOT.o .\CortexM0\ARM_GCC_541\Debug\SCB_SPI_UART.o .\CortexM0\ARM_GCC_541\Debug\SCB_SPI_UART_INT.o .\CortexM0\ARM_GCC_541\Debug\SCB_I2C_MASTER.o .\CortexM0\ARM_GCC_541\Debug\SCB_I2C_SLAVE.o .\CortexM0\ARM_GCC_541\Debug\SCB_PM.o .\CortexM0\ARM_GCC_541\Debug\SCB_SPI.o .\CortexM0\ARM_GCC_541\Debug\SCB_UART.o .\CortexM0\ARM_GCC_541\Debug\SCB_BOOT.o .\CortexM0\ARM_GCC_541\Debug\SCB_SPI_BOOT.o .\CortexM0\ARM_GCC_541\Debug\SCB_UART_BOOT.o .\CortexM0\ARM_GCC_541\Debug\SCB_EZI2C.o .\CortexM0\ARM_GCC_541\Debug\SCB_EZI2C_INT.o .\CortexM0\ARM_GCC_541\Debug\SCB_EZI2C_BOOT.o .\CortexM0\ARM_GCC_541\Debug\DE.o .\CortexM0\ARM_GCC_541\Debug\DE_PM.o .\CortexM0\ARM_GCC_541\Debug\CommCLK.o .\CortexM0\ARM_GCC_541\Debug\mbPortTimer.o .\CortexM0\ARM_GCC_541\Debug\mbPortTimer_PM.o .\CortexM0\ARM_GCC_541\Debug\mbPortTimerISR.o .\CortexM0\ARM_GCC_541\Debug\DI3.o .\CortexM0\ARM_GCC_541\Debug\DI3_PM.o .\CortexM0\ARM_GCC_541\Debug\Status_LED.o .\CortexM0\ARM_GCC_541\Debug\Status_LED_PM.o .\CortexM0\ARM_GCC_541\Debug\DI2.o .\CortexM0\ARM_GCC_541\Debug\DI2_PM.o .\CortexM0\ARM_GCC_541\Debug\IN0_ISR.o .\CortexM0\ARM_GCC_541\Debug\DI0.o .\CortexM0\ARM_GCC_541\Debug\DI0_PM.o .\CortexM0\ARM_GCC_541\Debug\DO0.o .\CortexM0\ARM_GCC_541\Debug\DO0_PM.o .\CortexM0\ARM_GCC_541\Debug\Vbus.o .\CortexM0\ARM_GCC_541\Debug\Vbus_PM.o .\CortexM0\ARM_GCC_541\Debug\uStepTimer.o .\CortexM0\ARM_GCC_541\Debug\uStepTimer_PM.o .\CortexM0\ARM_GCC_541\Debug\Microstep_ISR.o .\CortexM0\ARM_GCC_541\Debug\DI1.o .\CortexM0\ARM_GCC_541\Debug\DI1_PM.o .\CortexM0\ARM_GCC_541\Debug\Spd_Req.o .\CortexM0\ARM_GCC_541\Debug\Spd_Req_PM.o .\CortexM0\ARM_GCC_541\Debug\ADC_SAR_Seq_1.o .\CortexM0\ARM_GCC_541\Debug\ADC_SAR_Seq_1_PM.o .\CortexM0\ARM_GCC_541\Debug\ADC_SAR_Seq_1_INT.o .\CortexM0\ARM_GCC_541\Debug\uStep_CLOCK.o .\CortexM0\ARM_GCC_541\Debug\PWMBH.o .\CortexM0\ARM_GCC_541\Debug\PWMBH_PM.o .\CortexM0\ARM_GCC_541\Debug\ControlReg.o .\CortexM0\ARM_GCC_541\Debug\ControlReg_PM.o .\CortexM0\ARM_GCC_541\Debug\PWMAL.o .\CortexM0\ARM_GCC_541\Debug\PWMAL_PM.o .\CortexM0\ARM_GCC_541\Debug\ControlEnable.o .\CortexM0\ARM_GCC_541\Debug\ControlEnable_PM.o .\CortexM0\ARM_GCC_541\Debug\PWM_CLOCK.o .\CortexM0\ARM_GCC_541\Debug\PWMCH.o .\CortexM0\ARM_GCC_541\Debug\PWMCH_PM.o .\CortexM0\ARM_GCC_541\Debug\PWMDH.o .\CortexM0\ARM_GCC_541\Debug\PWMDH_PM.o .\CortexM0\ARM_GCC_541\Debug\PWMAH.o .\CortexM0\ARM_GCC_541\Debug\PWMAH_PM.o .\CortexM0\ARM_GCC_541\Debug\PWMCL.o .\CortexM0\ARM_GCC_541\Debug\PWMCL_PM.o .\CortexM0\ARM_GCC_541\Debug\PWMDL.o .\CortexM0\ARM_GCC_541\Debug\PWMDL_PM.o .\CortexM0\ARM_GCC_541\Debug\PwmTimer_ISR.o .\CortexM0\ARM_GCC_541\Debug\PWM_B.o .\CortexM0\ARM_GCC_541\Debug\PWM_B_PM.o .\CortexM0\ARM_GCC_541\Debug\PWM_A.o .\CortexM0\ARM_GCC_541\Debug\PWM_A_PM.o .\CortexM0\ARM_GCC_541\Debug\TA_STOP.o .\CortexM0\ARM_GCC_541\Debug\TA_STOP_PM.o .\CortexM0\ARM_GCC_541\Debug\TB_STOP.o .\CortexM0\ARM_GCC_541\Debug\TB_STOP_PM.o .\CortexM0\ARM_GCC_541\Debug\SPI_SCBCLK.o .\CortexM0\ARM_GCC_541\Debug\SPI_sclk_m.o .\CortexM0\ARM_GCC_541\Debug\SPI_sclk_m_PM.o .\CortexM0\ARM_GCC_541\Debug\SPI_miso_m.o .\CortexM0\ARM_GCC_541\Debug\SPI_miso_m_PM.o .\CortexM0\ARM_GCC_541\Debug\SPI_mosi_m.o .\CortexM0\ARM_GCC_541\Debug\SPI_mosi_m_PM.o .\CortexM0\ARM_GCC_541\Debug\SCB_uart_rx_i2c_scl_spi_mosi.o .\CortexM0\ARM_GCC_541\Debug\SCB_uart_rx_i2c_scl_spi_mosi_PM.o .\CortexM0\ARM_GCC_541\Debug\SCB_uart_tx_i2c_sda_spi_miso.o .\CortexM0\ARM_GCC_541\Debug\SCB_uart_tx_i2c_sda_spi_miso_PM.o .\CortexM0\ARM_GCC_541\Debug\SCB_SCB_IRQ.o .\CortexM0\ARM_GCC_541\Debug\ADC_SAR_Seq_1_IRQ.o .\CortexM0\ARM_GCC_541\Debug\ADC_SAR_Seq_1_intClock.o .\CortexM0\ARM_GCC_541\Debug\CyFlash.o .\CortexM0\ARM_GCC_541\Debug\CyLib.o .\CortexM0\ARM_GCC_541\Debug\cyPm.o .\CortexM0\ARM_GCC_541\Debug\cyutils.o .\CortexM0\ARM_GCC_541\Debug\CyLFClk.o .\CortexM0\ARM_GCC_541\Debug\CyBootAsmGnu.o
arm-none-eabi-ar.exe: creating .\CortexM0\ARM_GCC_541\Debug\SMControl_derinimui.a
arm-none-eabi-gcc.exe -Wl,--start-group -o "D:\Alex\sync\Dropbox\Projects\Ventmatika\Stepper\Stepper Control\software\Cypress\SMControl\SMControl_derinimui.cydsn\CortexM0\ARM_GCC_541\Debug\SMControl_derinimui.elf" .\CortexM0\ARM_GCC_541\Debug\main.o .\CortexM0\ARM_GCC_541\Debug\stepper.o .\CortexM0\ARM_GCC_541\Debug\systick.o .\CortexM0\ARM_GCC_541\Debug\uart.o .\CortexM0\ARM_GCC_541\Debug\user_mb_app.o .\CortexM0\ARM_GCC_541\Debug\mb.o .\CortexM0\ARM_GCC_541\Debug\mbcrc.o .\CortexM0\ARM_GCC_541\Debug\mbrtu.o .\CortexM0\ARM_GCC_541\Debug\mbfunccoils.o .\CortexM0\ARM_GCC_541\Debug\mbfuncdiag.o .\CortexM0\ARM_GCC_541\Debug\mbfuncdisc.o .\CortexM0\ARM_GCC_541\Debug\mbfuncholding.o .\CortexM0\ARM_GCC_541\Debug\mbfuncinput.o .\CortexM0\ARM_GCC_541\Debug\mbfuncother.o .\CortexM0\ARM_GCC_541\Debug\mbutils.o .\CortexM0\ARM_GCC_541\Debug\port.o .\CortexM0\ARM_GCC_541\Debug\portevent.o .\CortexM0\ARM_GCC_541\Debug\portserial.o .\CortexM0\ARM_GCC_541\Debug\porttimer.o .\CortexM0\ARM_GCC_541\Debug\cyfitter_cfg.o .\CortexM0\ARM_GCC_541\Debug\cymetadata.o .\CortexM0\ARM_GCC_541\Debug\Cm0Start.o .\CortexM0\ARM_GCC_541\Debug\SMControl_derinimui.a "C:\Program Files (x86)\Cypress\PSoC Creator\4.1\PSoC Creator\psoc\content\cycomponentlibrary\CyComponentLibrary.cylib\CortexM0\ARM_GCC_541\Debug\CyComponentLibrary.a" -mcpu=cortex-m0 -mthumb -L Generated_Source\PSoC4 -Wl,-Map,.\CortexM0\ARM_GCC_541\Debug/SMControl_derinimui.map -T Generated_Source\PSoC4\cm0gcc.ld -specs=nano.specs -Wl,--gc-sections -g -ffunction-sections -Og -ffat-lto-objects -Wl,--end-group
cyelftool.exe -C "D:\Alex\sync\Dropbox\Projects\Ventmatika\Stepper\Stepper Control\software\Cypress\SMControl\SMControl_derinimui.cydsn\CortexM0\ARM_GCC_541\Debug\SMControl_derinimui.elf" --flash_row_size 128 --flash_size 32768 --flash_offset 0x00000000
cyelftool.exe -S "D:\Alex\sync\Dropbox\Projects\Ventmatika\Stepper\Stepper Control\software\Cypress\SMControl\SMControl_derinimui.cydsn\CortexM0\ARM_GCC_541\Debug\SMControl_derinimui.elf"
Flash used: 20058 of 32768 bytes (61.2 %).
SRAM used: 2920 of 4096 bytes (71.3 %). Stack: 1024 bytes. Heap: 256 bytes.
--------------- Rebuild Succeeded: 07/27/2017 19:35:40 ---------------
